
MAC : 00-17-0d-00-00-32-dc-61
~ Status: "Opperational"            // <--- allow logging script to update mote status
~ Location: (X,Y) 			        // <--- grid coordinates if we ever implement a map feature
~ Identifier: "Building 1 Room 211"	// <--- unique descriptive name that can be set by user

-- Date: 05/07/2021			// Date stamp all samples underneath this header are taken on this date
16:54:58 - [51537, 55537, 9999, 9999, 52892, 9999, 9999, 9999, 9999, 2859] // TIME STAMPED Sample CSV
16:55:06 - [51537, 55537, 9999, 9999, 28517, 9999, 9999, 9999, 9999, 2852]
16:55:14 - [51537, 55537, 9999, 9999, 25705, 9999, 9999, 9999, 9999, 2790]
16:55:22 - [51537, 55537, 9999, 9999, 37580, 9999, 9999, 9999, 9999, 2826]
16:55:30 - [51537, 55537, 9999, 9999, 42892, 9999, 9999, 9999, 9999, 2824]
16:55:38 - [51537, 55537, 9999, 9999, 32580, 9999, 9999, 9999, 9999, 2815]
16:55:46 - [51537, 55537, 9999, 9999, 4544, 9999, 9999, 9999, 9999, 2837]
16:55:54 - [51537, 55537, 9999, 9999, 45705, 9999, 9999, 9999, 9999, 2819]
16:56:01 - [51537, 55537, 9999, 9999, 27580, 9999, 9999, 9999, 9999, 2837]
16:56:09 - [51537, 55537, 9999, 9999, 45705, 9999, 9999, 9999, 9999, 2822]
16:56:17 - [51537, 55537, 9999, 9999, 45705, 9999, 9999, 9999, 9999, 2833]
16:56:25 - [51537, 55537, 9999, 9999, 35705, 9999, 9999, 9999, 9999, 2782]
16:56:33 - [51537, 55537, 9999, 9999, 481, 9999, 9999, 9999, 9999, 2844]
16:56:41 - [51537, 55537, 9999, 9999, 27580, 9999, 9999, 9999, 9999, 2823]
16:56:49 - [51537, 55537, 9999, 9999, 5481, 9999, 9999, 9999, 9999, 2812]
16:56:57 - [51537, 55537, 9999, 9999, 29767, 9999, 9999, 9999, 9999, 2798]

-- Date: 05/08/2021			// Date Change all samples underneath this header are taken on this date

16:55:54 - [51537, 55537, 9999, 9999, 45705, 9999, 9999, 9999, 9999, 2819]
16:56:01 - [51537, 55537, 9999, 9999, 27580, 9999, 9999, 9999, 9999, 2837]
16:56:09 - [51537, 55537, 9999, 9999, 45705, 9999, 9999, 9999, 9999, 2822]
16:56:17 - [51537, 55537, 9999, 9999, 45705, 9999, 9999, 9999, 9999, 2833]
16:56:25 - [51537, 55537, 9999, 9999, 35705, 9999, 9999, 9999, 9999, 2782]
16:56:33 - [51537, 55537, 9999, 9999, 481, 9999, 9999, 9999, 9999, 2844]
16:56:41 - [51537, 55537, 9999, 9999, 27580, 9999, 9999, 9999, 9999, 2823]
16:56:49 - [51537, 55537, 9999, 9999, 5481, 9999, 9999, 9999, 9999, 2812]
16:56:57 - [51537, 55537, 9999, 9999, 29767, 9999, 9999, 9999, 9999, 2798]