~     MAC: 00-17-0d-00-00-5a-e9-f8
~  Status: DISCONNECTED
~   Coord: (None,None)
~ User ID: None
-- 05/17/2021

19:38:41, 0, 1280, 65281, 1280, 0, 61, 8906, 36608, 1197, 19712, 117, 12289, 4105
19:39:12, 0, 1280, 65281, 1280, 0, 61, 8906, 44288, 1197, 7424, 117, 12289, 4105
19:39:42, 0, 1280, 65281, 1280, 0, 61, 8906, 51968, 1197, 1536, 117, 12289, 4105
19:40:12, 0, 1280, 65281, 1280, 0, 61, 8906, 59648, 1196, 61696, 117, 12289, 4105
19:40:43, 0, 1280, 65281, 1280, 0, 61, 8907, 1792, 1196, 40448, 117, 12289, 4105
19:41:11, 0, 1280, 65281, 1280, 0, 61, 8907, 9472, 1196, 34816, 117, 12289, 4105
19:41:40, 0, 1280, 65281, 1280, 0, 61, 8907, 17152, 1196, 12288, 117, 12289, 4105
19:42:10, 0, 1280, 65281, 1280, 0, 61, 8907, 24832, 1196, 14080, 117, 12289, 4105
19:42:42, 0, 1280, 65281, 1280, 0, 61, 8907, 32512, 1296, 1536, 117, 12289, 4105
19:43:11, 0, 1280, 65281, 1280, 0, 61, 8907, 40192, 1196, 9472, 117, 12289, 4105
19:43:41, 0, 1280, 65281, 1280, 0, 61, 8907, 47872, 1196, 3072, 117, 12289, 4105
19:44:11, 0, 1280, 65281, 1280, 0, 61, 8907, 55552, 1195, 47104, 117, 12289, 4105
19:44:41, 0, 1280, 65281, 1280, 0, 61, 8907, 63232, 1195, 40704, 117, 12289, 4105
19:45:13, 0, 1280, 65281, 1280, 0, 61, 8908, 5376, 1195, 33792, 117, 12289, 4105
19:45:41, 0, 1280, 65281, 1280, 0, 61, 8908, 13056, 1195, 11008, 117, 12289, 4105
19:46:11, 0, 1280, 65281, 1280, 0, 61, 8908, 20736, 1195, 4608, 117, 12289, 4105
19:46:41, 0, 1280, 65281, 1280, 0, 61, 8908, 28416, 1194, 63744, 117, 12289, 4105
19:47:11, 0, 1280, 65281, 1280, 0, 61, 8908, 36096, 1194, 41472, 117, 12289, 4105
19:47:44, 0, 1280, 65281, 1280, 0, 61, 8908, 43776, 1194, 35072, 117, 12289, 4105
19:48:12, 0, 1280, 65281, 1280, 0, 61, 8908, 51456, 1194, 13312, 117, 12289, 4105
16:30:32, 0, 1280, 65281, 1280, 0, 61, 8843, 44032, 166, 64512, 117, 12289, 4106
16:31:02, 0, 1280, 65281, 1280, 0, 61, 8843, 51712, 166, 48640, 117, 12289, 4106
16:32:00, 0, 1280, 65281, 1280, 0, 61, 8844, 1536, 166, 33024, 117, 12289, 4106
-- 06/02/2021

17:47:30, 0, 1280, 65281, 1280, 0, 61, 8861, 47104, 138, 30208, 117, 12289, 4104
17:47:59, 0, 1280, 65281, 1280, 0, 61, 8861, 54784, 138, 15616, 117, 12289, 4104
17:55:31, 0, 1280, 65281, 1280, 0, 61, 8863, 38912, 135, 38656, 117, 12289, 4104
17:56:00, 0, 1280, 65281, 1280, 0, 61, 8863, 46592, 135, 22784, 117, 12289, 4105
17:56:31, 0, 1280, 65281, 1280, 0, 61, 8863, 54272, 135, 7936, 117, 12289, 4104
17:56:59, 0, 1280, 65281, 1280, 0, 61, 8863, 61952, 134, 57856, 117, 12289, 4104
17:57:31, 0, 1280, 65281, 1280, 0, 61, 8864, 4096, 134, 43008, 117, 12289, 4104
17:58:00, 0, 1280, 65281, 1280, 0, 61, 8864, 11776, 134, 42752, 117, 12289, 4104
17:58:29, 0, 1280, 65281, 1280, 0, 61, 8864, 19456, 134, 27904, 117, 12289, 4104
17:58:59, 0, 1280, 65281, 1280, 0, 61, 8864, 27136, 134, 5120, 117, 12289, 4104
18:00:30, 0, 1280, 65281, 1280, 0, 61, 8864, 50176, 133, 41216, 117, 12289, 4104
18:00:59, 0, 1280, 65281, 1280, 0, 61, 8864, 57856, 133, 25856, 117, 12289, 4104
18:01:30, 0, 1280, 65281, 1280, 0, 61, 8865, 0, 133, 26624, 117, 12289, 4104
18:02:00, 0, 1280, 65281, 1280, 0, 61, 8865, 7680, 133, 11264, 117, 12289, 4104
18:02:30, 0, 1280, 65281, 1280, 0, 61, 8865, 15360, 132, 61952, 117, 12289, 4104
18:03:00, 0, 1280, 65281, 1280, 0, 61, 8865, 23040, 132, 46592, 117, 12289, 4104
18:03:32, 0, 1280, 65281, 1280, 0, 61, 8865, 30720, 132, 31488, 117, 12289, 4104
18:04:00, 0, 1280, 65281, 1280, 0, 61, 8865, 38400, 132, 16896, 117, 12289, 4104
18:04:32, 0, 1280, 65281, 1280, 0, 61, 8865, 46080, 132, 17920, 117, 12289, 4104
18:05:01, 0, 1280, 65281, 1280, 0, 61, 8865, 53760, 132, 3072, 117, 12289, 4104
18:05:31, 0, 1280, 65281, 1280, 0, 61, 8865, 61440, 131, 53760, 117, 12289, 4104
18:06:00, 0, 1280, 65281, 1280, 0, 61, 8866, 3584, 131, 38912, 117, 12289, 4104
18:06:32, 0, 1280, 65281, 1280, 0, 61, 8866, 11264, 131, 24320, 117, 12289, 4104
18:07:02, 0, 1280, 65281, 1280, 0, 61, 8866, 18944, 131, 9216, 117, 12289, 4104
18:07:29, 0, 1280, 65281, 1280, 0, 61, 8866, 26624, 131, 8960, 117, 12289, 4104
18:08:00, 0, 1280, 65281, 1280, 0, 61, 8866, 34304, 131, 1024, 117, 12289, 4104
18:08:30, 0, 1280, 65281, 1280, 0, 61, 8866, 41984, 130, 50944, 117, 12289, 4104
18:09:00, 0, 1280, 65281, 1280, 0, 61, 8866, 49664, 130, 34560, 117, 12289, 4104
18:09:29, 0, 1280, 65281, 1280, 0, 61, 8866, 57344, 130, 26112, 117, 12289, 4104
18:10:01, 0, 1280, 65281, 1280, 0, 61, 8866, 65024, 130, 25344, 117, 12289, 4104
18:10:31, 0, 1280, 65281, 1280, 0, 61, 8867, 7168, 130, 8192, 117, 12289, 4104
18:11:04, 0, 1280, 65281, 1280, 0, 61, 8867, 14848, 129, 65280, 117, 12289, 4104
18:11:29, 0, 1280, 65281, 1280, 0, 61, 8867, 22528, 129, 48896, 117, 12289, 4105
18:11:59, 0, 1280, 65281, 1280, 0, 61, 8867, 30208, 129, 33280, 117, 12289, 4104
18:12:33, 0, 1280, 65281, 1280, 0, 61, 8867, 37888, 129, 16128, 117, 12289, 4104
18:13:01, 0, 1280, 65281, 1280, 0, 61, 8867, 45568, 129, 16384, 117, 12289, 4104
18:13:30, 0, 1280, 65281, 1280, 0, 61, 8867, 53248, 129, 256, 117, 12289, 4104
18:14:01, 0, 1280, 65281, 1280, 0, 61, 8867, 60928, 128, 49920, 117, 12289, 4104
18:14:31, 0, 1280, 65281, 1280, 0, 61, 8868, 3072, 128, 33792, 117, 12289, 4104
18:15:00, 0, 1280, 65281, 1280, 0, 61, 8868, 10752, 128, 32512, 117, 12289, 4104
18:15:32, 0, 1280, 65281, 1280, 0, 61, 8868, 18432, 128, 16128, 117, 12289, 4104
18:15:59, 0, 1280, 65281, 1280, 0, 61, 8868, 26112, 128, 1024, 117, 12289, 4104
18:16:30, 0, 1280, 65281, 1280, 0, 61, 8868, 33792, 128, 256, 117, 12289, 4104
18:17:02, 0, 1280, 65281, 1280, 0, 61, 8868, 41472, 127, 49920, 117, 12289, 4104
18:17:32, 0, 1280, 65281, 1280, 0, 61, 8868, 49152, 127, 34304, 117, 12289, 4104
18:18:00, 0, 1280, 65281, 1280, 0, 61, 8868, 56832, 127, 18944, 117, 12289, 4104
18:18:29, 0, 1280, 65281, 1280, 0, 61, 8868, 64512, 127, 18688, 117, 12289, 4104
18:19:00, 0, 1280, 65281, 1280, 0, 61, 8869, 6656, 127, 2816, 117, 12289, 4104
18:19:30, 0, 1280, 65281, 1280, 0, 61, 8869, 14336, 126, 54016, 117, 12289, 4104
18:20:01, 0, 1280, 65281, 1280, 0, 61, 8869, 22016, 126, 38400, 117, 12289, 4104
18:20:30, 0, 1280, 65281, 1280, 0, 61, 8869, 29696, 126, 23552, 117, 12289, 4104
18:21:03, 0, 1280, 65281, 1280, 0, 61, 8869, 37376, 126, 23296, 117, 12289, 4104
18:21:30, 0, 1280, 65281, 1280, 0, 61, 8869, 45056, 126, 8192, 117, 12289, 4104
18:22:01, 0, 1280, 65281, 1280, 0, 61, 8869, 52736, 125, 58112, 117, 12289, 4104
18:22:29, 0, 1280, 65281, 1280, 0, 61, 8869, 60416, 125, 42752, 117, 12289, 4104
18:23:01, 0, 1280, 65281, 1280, 0, 61, 8870, 2560, 125, 26880, 117, 12289, 4104
18:23:30, 0, 1280, 65281, 1280, 0, 61, 8870, 10240, 125, 10496, 117, 12289, 4104
18:24:00, 0, 1280, 65281, 1280, 0, 61, 8870, 17920, 124, 60160, 117, 12289, 4104
18:24:29, 0, 1280, 65281, 1280, 0, 61, 8870, 25600, 124, 43520, 117, 12289, 4104
18:24:59, 0, 1280, 65281, 1280, 0, 61, 8870, 33280, 124, 42496, 117, 12289, 4104
18:25:31, 0, 1280, 65281, 1280, 0, 61, 8870, 40960, 124, 49152, 117, 12289, 4104
18:26:01, 0, 1280, 65281, 1280, 0, 61, 8870, 48640, 124, 1536, 117, 12289, 4104
18:26:30, 0, 1280, 65281, 1280, 0, 61, 8870, 56320, 123, 49152, 117, 12289, 4104
18:27:02, 0, 1280, 65281, 1280, 0, 61, 8870, 64000, 123, 48640, 117, 12289, 4104
18:27:29, 0, 1280, 65281, 1280, 0, 61, 8871, 6144, 123, 31744, 117, 12289, 4104
18:28:01, 0, 1280, 65281, 1280, 0, 61, 8871, 13824, 123, 15360, 117, 12289, 4104
18:28:30, 0, 1280, 65281, 1280, 0, 61, 8871, 21504, 123, 14848, 117, 12289, 4104
18:29:02, 0, 1280, 65281, 1280, 0, 61, 8871, 29184, 122, 65024, 117, 12289, 4104
18:29:29, 0, 1280, 65281, 1280, 0, 61, 8871, 36864, 122, 49408, 117, 12289, 4104
18:30:00, 0, 1280, 65281, 1280, 0, 61, 8871, 44544, 122, 34048, 117, 12289, 4104
18:30:30, 0, 1280, 65281, 1280, 0, 61, 8871, 52224, 122, 34560, 117, 12289, 4104
18:31:02, 0, 1280, 65281, 1280, 0, 61, 8871, 59904, 122, 19712, 117, 12289, 4104
18:31:29, 0, 1280, 65281, 1280, 0, 61, 8872, 2048, 122, 5376, 117, 12289, 4104
18:32:00, 0, 1280, 65281, 1280, 0, 61, 8872, 9728, 121, 63744, 117, 12289, 4104