~     MAC: 00-17-0d-00-00-32-dc-61
~  Status: OPERATIONAl
~   Coord: (None,None)
~ User ID: None			// <------ Mote status Markers start with "~"
-- 05/17/2021			// <------ Date marker starts with "--" and indicated dates of all samples collected until next Date marker

{TIME}, {Temp}, {Humid}, {Lux}, {O2}, {CO2}, {Accel X}, {Accel Y}, {Accel Z}, {Windspeed}, {Rain} 	//<--- sample CSV format

19:38:29, 61536, 0, 0, 0, 8384, 0, 0, 0, 0, 2834	
19:39:02, 61536, 0, 0, 0, 0, 0, 0, 0, 0, 2758
19:40:03, 61536, 0, 0, 0, 0, 0, 0, 0, 0, 2759
.
.
.
.
.
.
19:59:12, 61536, 0, 0, 0, 0, 0, 0, 0, 0, 2648



-- 05/18/2021			// <------ New Date Marker

19:38:29, 61536, 0, 0, 0, 8384, 0, 0, 0, 0, 2834	
19:39:02, 61536, 0, 0, 0, 0, 0, 0, 0, 0, 2758
19:40:03, 61536, 0, 0, 0, 0, 0, 0, 0, 0, 2759
.
.
.
.
.
.
.
.
.
.
.
.
.
.
.
.
.
.
.
.