2021-04-16 00:59:18,799 [SerialConnector:INFO] creating object
2021-04-16 00:59:18,799 [Hdlc:INFO] Creating object
2021-04-16 00:59:18,805 [Hdlc:INFO] opened port com18@115200baud
2021-04-16 00:59:18,805 [SerialConnector:INFO] hdlc notification: connection state=True
2021-04-16 00:59:18,805 [Hdlc:INFO] thread started
2021-04-16 00:59:18,805 [ByteArraySerializer:DEBUG] serialize ...
- commandArray:     ['hello']
- fieldsToFill:     {'cliSeqNo': 255, 'version': 4, 'mode': 0}
2021-04-16 00:59:18,805 [ByteArraySerializer:DEBUG] ... serialize into
- cmdId:            1
- byteArray:        04-ff-00
2021-04-16 00:59:18,805 [SerialConnector:DEBUG] _sendInternal cmdId=1 retry=0 isResponse=False serializedFields=[4, 255, 0]
2021-04-16 00:59:18,805 [SerialConnector:DEBUG] ---------- pcToMote DATA (0) ---------->
2021-04-16 00:59:18,805 [Crc:DEBUG] calculating for data=00-01-00-03-04-ff-00
2021-04-16 00:59:18,805 [Crc:DEBUG] fcs=0x3731
2021-04-16 00:59:18,805 [Hdlc:DEBUG] 
packetToSend:
 - payload: 00 01 00 03 04 ff 00
 - fcs:     37 31
 - valid:   True
2021-04-16 00:59:18,809 [Crc:DEBUG] calculating for data=00-02-00-05-00-04-00-ff-00
2021-04-16 00:59:18,809 [Crc:DEBUG] fcs=0x2323
2021-04-16 00:59:18,809 [Hdlc:DEBUG] 
receivedFrame:
 - payload: 00 02 00 05 00 04 00 ff 00
 - fcs:     23 23
 - valid:   True
2021-04-16 00:59:18,809 [SerialConnector:DEBUG] cmdId=2 length=5 isResponse=False packetId=0 payload=[0, 4, 0, 255, 0]
2021-04-16 00:59:18,809 [SerialConnector:DEBUG] <--------- moteToPc DATA (0) ----------
2021-04-16 00:59:18,809 [SerialConnector:DEBUG] no ack needed
2021-04-16 00:59:18,809 [ByteArraySerializer:DEBUG] deserialize ...
- type:             command
- id:               2
- byteArray:        00-04-00-ff-00
2021-04-16 00:59:18,809 [ByteArraySerializer:DEBUG] ... deserialized into
- nameArray:        ['hello_response']
- returnFields:     {'cliSeqNo': 255, 'version': 4, 'successCode': 0, 'mgrSeqNo': 0, 'mode': 0}
2021-04-16 00:59:18,815 [ByteArraySerializer:DEBUG] serialize ...
- commandArray:     ['subscribe']
- fieldsToFill:     {'filter': [0, 16], 'unackFilter': [0, 16]}
2021-04-16 00:59:18,815 [ByteArraySerializer:DEBUG] ... serialize into
- cmdId:            22
- byteArray:        00-00-00-10-00-00-00-10
2021-04-16 00:59:18,815 [SerialConnector:DEBUG] _sendInternal cmdId=22 retry=0 isResponse=False serializedFields=[0, 0, 0, 16, 0, 0, 0, 16]
2021-04-16 00:59:18,815 [SerialConnector:DEBUG] ---------- pcToMote DATA (0) ---------->
2021-04-16 00:59:18,815 [Crc:DEBUG] calculating for data=02-16-00-08-00-00-00-10-00-00-00-10
2021-04-16 00:59:18,815 [Crc:DEBUG] fcs=0x5c3d
2021-04-16 00:59:18,815 [Hdlc:DEBUG] 
packetToSend:
 - payload: 02 16 00 08 00 00 00 10 00 00 00 10
 - fcs:     5c 3d
 - valid:   True
2021-04-16 00:59:18,819 [Crc:DEBUG] calculating for data=03-16-00-01-00
2021-04-16 00:59:18,819 [Crc:DEBUG] fcs=0x5843
2021-04-16 00:59:18,819 [Hdlc:DEBUG] 
receivedFrame:
 - payload: 03 16 00 01 00
 - fcs:     58 43
 - valid:   True
2021-04-16 00:59:18,819 [SerialConnector:DEBUG] cmdId=22 length=1 isResponse=True packetId=0 payload=[0]
2021-04-16 00:59:18,819 [SerialConnector:DEBUG] <--------- pcToMote ACK (0) after 0.004 --------
2021-04-16 00:59:18,819 [SerialConnector:DEBUG] no ack needed
2021-04-16 00:59:18,819 [ByteArraySerializer:DEBUG] deserialize ...
- type:             command
- id:               22
- byteArray:        00
2021-04-16 00:59:18,819 [ByteArraySerializer:DEBUG] ... deserialized into
- nameArray:        ['subscribe']
- returnFields:     {'RC': 0}
2021-04-16 01:00:31,026 [Crc:DEBUG] calculating for data=00-14-00-2d-04-00-00-00-00-3d-22-69-65-00-02-7c-b8-00-17-0d-00-00-32-dc-61-ea-60-ee-48-00-01-00-02-00-03-00-04-00-05-00-06-00-07-00-08-00-09-00-0a
2021-04-16 01:00:31,026 [Crc:DEBUG] fcs=0xf768
2021-04-16 01:00:31,026 [Hdlc:DEBUG] 
receivedFrame:
 - payload: 00 14 00 2d 04 00 00 00 00 3d 22 69 65 00 02 7c b8 00 17 0d 00 00 32 dc 61 ea 60 ee 48 00 01 00 02 00 03 00 04 00 05 00 06 00 07 00 08 00 09 00 0a
 - fcs:     f7 68
 - valid:   True
2021-04-16 01:00:31,026 [SerialConnector:DEBUG] cmdId=20 length=45 isResponse=False packetId=0 payload=[4, 0, 0, 0, 0, 61, 34, 105, 101, 0, 2, 124, 184, 0, 23, 13, 0, 0, 50, 220, 97, 234, 96, 238, 72, 0, 1, 0, 2, 0, 3, 0, 4, 0, 5, 0, 6, 0, 7, 0, 8, 0, 9, 0, 10]
2021-04-16 01:00:31,026 [SerialConnector:DEBUG] <--------- moteToPc DATA (0) ----------
2021-04-16 01:00:31,026 [SerialConnector:DEBUG] no ack needed
2021-04-16 01:00:31,026 [ByteArraySerializer:DEBUG] deserialize ...
- type:             notification
- id:               20
- byteArray:        04-00-00-00-00-3d-22-69-65-00-02-7c-b8-00-17-0d-00-00-32-dc-61-ea-60-ee-48-00-01-00-02-00-03-00-04-00-05-00-06-00-07-00-08-00-09-00-0a
2021-04-16 01:00:31,028 [ByteArraySerializer:DEBUG] ... deserialized into
- nameArray:        ['notification', 'notifData']
- returnFields:     {'macAddress': [0, 23, 13, 0, 0, 50, 220, 97], 'srcPort': 60000, 'utcUsecs': 163000, 'utcSecs': 1025665381L, 'dstPort': 61000, 'data': [0, 1, 0, 2, 0, 3, 0, 4, 0, 5, 0, 6, 0, 7, 0, 8, 0, 9, 0, 10]}
2021-04-16 01:00:40,140 [Crc:DEBUG] calculating for data=00-14-00-2d-04-00-00-00-00-3d-22-69-6f-00-05-37-f0-00-17-0d-00-00-32-dc-61-ea-60-ee-48-00-02-00-04-00-06-00-08-00-0a-00-0c-00-0e-00-10-00-12-00-14
2021-04-16 01:00:40,140 [Crc:DEBUG] fcs=0x4779
2021-04-16 01:00:40,140 [Hdlc:DEBUG] 
receivedFrame:
 - payload: 00 14 00 2d 04 00 00 00 00 3d 22 69 6f 00 05 37 f0 00 17 0d 00 00 32 dc 61 ea 60 ee 48 00 02 00 04 00 06 00 08 00 0a 00 0c 00 0e 00 10 00 12 00 14
 - fcs:     47 79
 - valid:   True
2021-04-16 01:00:40,140 [SerialConnector:DEBUG] cmdId=20 length=45 isResponse=False packetId=0 payload=[4, 0, 0, 0, 0, 61, 34, 105, 111, 0, 5, 55, 240, 0, 23, 13, 0, 0, 50, 220, 97, 234, 96, 238, 72, 0, 2, 0, 4, 0, 6, 0, 8, 0, 10, 0, 12, 0, 14, 0, 16, 0, 18, 0, 20]
2021-04-16 01:00:40,140 [SerialConnector:DEBUG] <--------- moteToPc DATA (0) ----------
2021-04-16 01:00:40,140 [SerialConnector:DEBUG] no ack needed
2021-04-16 01:00:40,140 [ByteArraySerializer:DEBUG] deserialize ...
- type:             notification
- id:               20
- byteArray:        04-00-00-00-00-3d-22-69-6f-00-05-37-f0-00-17-0d-00-00-32-dc-61-ea-60-ee-48-00-02-00-04-00-06-00-08-00-0a-00-0c-00-0e-00-10-00-12-00-14
2021-04-16 01:00:40,140 [ByteArraySerializer:DEBUG] ... deserialized into
- nameArray:        ['notification', 'notifData']
- returnFields:     {'macAddress': [0, 23, 13, 0, 0, 50, 220, 97], 'srcPort': 60000, 'utcUsecs': 342000, 'utcSecs': 1025665391L, 'dstPort': 61000, 'data': [0, 2, 0, 4, 0, 6, 0, 8, 0, 10, 0, 12, 0, 14, 0, 16, 0, 18, 0, 20]}
2021-04-16 01:00:50,181 [Crc:DEBUG] calculating for data=00-14-00-2d-04-00-00-00-00-3d-22-69-79-00-07-f3-28-00-17-0d-00-00-32-dc-61-ea-60-ee-48-00-03-00-06-00-09-00-0c-00-0f-00-12-00-15-00-18-00-1b-00-1e
2021-04-16 01:00:50,181 [Crc:DEBUG] fcs=0x1430
2021-04-16 01:00:50,181 [Hdlc:DEBUG] 
receivedFrame:
 - payload: 00 14 00 2d 04 00 00 00 00 3d 22 69 79 00 07 f3 28 00 17 0d 00 00 32 dc 61 ea 60 ee 48 00 03 00 06 00 09 00 0c 00 0f 00 12 00 15 00 18 00 1b 00 1e
 - fcs:     14 30
 - valid:   True
2021-04-16 01:00:50,181 [SerialConnector:DEBUG] cmdId=20 length=45 isResponse=False packetId=0 payload=[4, 0, 0, 0, 0, 61, 34, 105, 121, 0, 7, 243, 40, 0, 23, 13, 0, 0, 50, 220, 97, 234, 96, 238, 72, 0, 3, 0, 6, 0, 9, 0, 12, 0, 15, 0, 18, 0, 21, 0, 24, 0, 27, 0, 30]
2021-04-16 01:00:50,181 [SerialConnector:DEBUG] <--------- moteToPc DATA (0) ----------
2021-04-16 01:00:50,181 [SerialConnector:DEBUG] no ack needed
2021-04-16 01:00:50,181 [ByteArraySerializer:DEBUG] deserialize ...
- type:             notification
- id:               20
- byteArray:        04-00-00-00-00-3d-22-69-79-00-07-f3-28-00-17-0d-00-00-32-dc-61-ea-60-ee-48-00-03-00-06-00-09-00-0c-00-0f-00-12-00-15-00-18-00-1b-00-1e
2021-04-16 01:00:50,181 [ByteArraySerializer:DEBUG] ... deserialized into
- nameArray:        ['notification', 'notifData']
- returnFields:     {'macAddress': [0, 23, 13, 0, 0, 50, 220, 97], 'srcPort': 60000, 'utcUsecs': 521000, 'utcSecs': 1025665401L, 'dstPort': 61000, 'data': [0, 3, 0, 6, 0, 9, 0, 12, 0, 15, 0, 18, 0, 21, 0, 24, 0, 27, 0, 30]}
2021-04-16 01:01:01,150 [Crc:DEBUG] calculating for data=00-14-00-2d-04-00-00-00-00-3d-22-69-83-00-0a-ae-60-00-17-0d-00-00-32-dc-61-ea-60-ee-48-00-04-00-08-00-0c-00-10-00-14-00-18-00-1c-00-20-00-24-00-28
2021-04-16 01:01:01,150 [Crc:DEBUG] fcs=0x87be
2021-04-16 01:01:01,150 [Hdlc:DEBUG] 
receivedFrame:
 - payload: 00 14 00 2d 04 00 00 00 00 3d 22 69 83 00 0a ae 60 00 17 0d 00 00 32 dc 61 ea 60 ee 48 00 04 00 08 00 0c 00 10 00 14 00 18 00 1c 00 20 00 24 00 28
 - fcs:     87 be
 - valid:   True
2021-04-16 01:01:01,150 [SerialConnector:DEBUG] cmdId=20 length=45 isResponse=False packetId=0 payload=[4, 0, 0, 0, 0, 61, 34, 105, 131, 0, 10, 174, 96, 0, 23, 13, 0, 0, 50, 220, 97, 234, 96, 238, 72, 0, 4, 0, 8, 0, 12, 0, 16, 0, 20, 0, 24, 0, 28, 0, 32, 0, 36, 0, 40]
2021-04-16 01:01:01,150 [SerialConnector:DEBUG] <--------- moteToPc DATA (0) ----------
2021-04-16 01:01:01,151 [SerialConnector:DEBUG] no ack needed
2021-04-16 01:01:01,151 [ByteArraySerializer:DEBUG] deserialize ...
- type:             notification
- id:               20
- byteArray:        04-00-00-00-00-3d-22-69-83-00-0a-ae-60-00-17-0d-00-00-32-dc-61-ea-60-ee-48-00-04-00-08-00-0c-00-10-00-14-00-18-00-1c-00-20-00-24-00-28
2021-04-16 01:01:01,151 [ByteArraySerializer:DEBUG] ... deserialized into
- nameArray:        ['notification', 'notifData']
- returnFields:     {'macAddress': [0, 23, 13, 0, 0, 50, 220, 97], 'srcPort': 60000, 'utcUsecs': 700000, 'utcSecs': 1025665411L, 'dstPort': 61000, 'data': [0, 4, 0, 8, 0, 12, 0, 16, 0, 20, 0, 24, 0, 28, 0, 32, 0, 36, 0, 40]}
2021-04-16 01:01:11,191 [Crc:DEBUG] calculating for data=00-14-00-2d-04-00-00-00-00-3d-22-69-8d-00-0d-69-98-00-17-0d-00-00-32-dc-61-ea-60-ee-48-00-05-00-0a-00-0f-00-14-00-19-00-1e-00-23-00-28-00-2d-00-32
2021-04-16 01:01:11,191 [Crc:DEBUG] fcs=0x2b2e
2021-04-16 01:01:11,191 [Hdlc:DEBUG] 
receivedFrame:
 - payload: 00 14 00 2d 04 00 00 00 00 3d 22 69 8d 00 0d 69 98 00 17 0d 00 00 32 dc 61 ea 60 ee 48 00 05 00 0a 00 0f 00 14 00 19 00 1e 00 23 00 28 00 2d 00 32
 - fcs:     2b 2e
 - valid:   True
2021-04-16 01:01:11,191 [SerialConnector:DEBUG] cmdId=20 length=45 isResponse=False packetId=0 payload=[4, 0, 0, 0, 0, 61, 34, 105, 141, 0, 13, 105, 152, 0, 23, 13, 0, 0, 50, 220, 97, 234, 96, 238, 72, 0, 5, 0, 10, 0, 15, 0, 20, 0, 25, 0, 30, 0, 35, 0, 40, 0, 45, 0, 50]
2021-04-16 01:01:11,191 [SerialConnector:DEBUG] <--------- moteToPc DATA (0) ----------
2021-04-16 01:01:11,191 [SerialConnector:DEBUG] no ack needed
2021-04-16 01:01:11,191 [ByteArraySerializer:DEBUG] deserialize ...
- type:             notification
- id:               20
- byteArray:        04-00-00-00-00-3d-22-69-8d-00-0d-69-98-00-17-0d-00-00-32-dc-61-ea-60-ee-48-00-05-00-0a-00-0f-00-14-00-19-00-1e-00-23-00-28-00-2d-00-32
2021-04-16 01:01:11,191 [ByteArraySerializer:DEBUG] ... deserialized into
- nameArray:        ['notification', 'notifData']
- returnFields:     {'macAddress': [0, 23, 13, 0, 0, 50, 220, 97], 'srcPort': 60000, 'utcUsecs': 879000, 'utcSecs': 1025665421L, 'dstPort': 61000, 'data': [0, 5, 0, 10, 0, 15, 0, 20, 0, 25, 0, 30, 0, 35, 0, 40, 0, 45, 0, 50]}
2021-04-16 01:01:21,232 [Crc:DEBUG] calculating for data=00-14-00-2d-04-00-00-00-00-3d-22-69-98-00-00-e2-90-00-17-0d-00-00-32-dc-61-ea-60-ee-48-00-06-00-0c-00-12-00-18-00-1e-00-24-00-2a-00-30-00-36-00-3c
2021-04-16 01:01:21,232 [Crc:DEBUG] fcs=0x84c8
2021-04-16 01:01:21,233 [Hdlc:DEBUG] 
receivedFrame:
 - payload: 00 14 00 2d 04 00 00 00 00 3d 22 69 98 00 00 e2 90 00 17 0d 00 00 32 dc 61 ea 60 ee 48 00 06 00 0c 00 12 00 18 00 1e 00 24 00 2a 00 30 00 36 00 3c
 - fcs:     84 c8
 - valid:   True
2021-04-16 01:01:21,233 [SerialConnector:DEBUG] cmdId=20 length=45 isResponse=False packetId=0 payload=[4, 0, 0, 0, 0, 61, 34, 105, 152, 0, 0, 226, 144, 0, 23, 13, 0, 0, 50, 220, 97, 234, 96, 238, 72, 0, 6, 0, 12, 0, 18, 0, 24, 0, 30, 0, 36, 0, 42, 0, 48, 0, 54, 0, 60]
2021-04-16 01:01:21,233 [SerialConnector:DEBUG] <--------- moteToPc DATA (0) ----------
2021-04-16 01:01:21,233 [SerialConnector:DEBUG] no ack needed
2021-04-16 01:01:21,233 [ByteArraySerializer:DEBUG] deserialize ...
- type:             notification
- id:               20
- byteArray:        04-00-00-00-00-3d-22-69-98-00-00-e2-90-00-17-0d-00-00-32-dc-61-ea-60-ee-48-00-06-00-0c-00-12-00-18-00-1e-00-24-00-2a-00-30-00-36-00-3c
2021-04-16 01:01:21,233 [ByteArraySerializer:DEBUG] ... deserialized into
- nameArray:        ['notification', 'notifData']
- returnFields:     {'macAddress': [0, 23, 13, 0, 0, 50, 220, 97], 'srcPort': 60000, 'utcUsecs': 58000, 'utcSecs': 1025665432L, 'dstPort': 61000, 'data': [0, 6, 0, 12, 0, 18, 0, 24, 0, 30, 0, 36, 0, 42, 0, 48, 0, 54, 0, 60]}
2021-04-16 01:01:31,273 [Crc:DEBUG] calculating for data=00-14-00-2d-04-00-00-00-00-3d-22-69-a2-00-03-ba-1a-00-17-0d-00-00-32-dc-61-ea-60-ee-48-00-07-00-0e-00-15-00-1c-00-23-00-2a-00-31-00-38-00-3f-00-46
2021-04-16 01:01:31,273 [Crc:DEBUG] fcs=0xeff0
2021-04-16 01:01:31,273 [Hdlc:DEBUG] 
receivedFrame:
 - payload: 00 14 00 2d 04 00 00 00 00 3d 22 69 a2 00 03 ba 1a 00 17 0d 00 00 32 dc 61 ea 60 ee 48 00 07 00 0e 00 15 00 1c 00 23 00 2a 00 31 00 38 00 3f 00 46
 - fcs:     ef f0
 - valid:   True
2021-04-16 01:01:31,273 [SerialConnector:DEBUG] cmdId=20 length=45 isResponse=False packetId=0 payload=[4, 0, 0, 0, 0, 61, 34, 105, 162, 0, 3, 186, 26, 0, 23, 13, 0, 0, 50, 220, 97, 234, 96, 238, 72, 0, 7, 0, 14, 0, 21, 0, 28, 0, 35, 0, 42, 0, 49, 0, 56, 0, 63, 0, 70]
2021-04-16 01:01:31,273 [SerialConnector:DEBUG] <--------- moteToPc DATA (0) ----------
2021-04-16 01:01:31,273 [SerialConnector:DEBUG] no ack needed
2021-04-16 01:01:31,273 [ByteArraySerializer:DEBUG] deserialize ...
- type:             notification
- id:               20
- byteArray:        04-00-00-00-00-3d-22-69-a2-00-03-ba-1a-00-17-0d-00-00-32-dc-61-ea-60-ee-48-00-07-00-0e-00-15-00-1c-00-23-00-2a-00-31-00-38-00-3f-00-46
2021-04-16 01:01:31,273 [ByteArraySerializer:DEBUG] ... deserialized into
- nameArray:        ['notification', 'notifData']
- returnFields:     {'macAddress': [0, 23, 13, 0, 0, 50, 220, 97], 'srcPort': 60000, 'utcUsecs': 244250, 'utcSecs': 1025665442L, 'dstPort': 61000, 'data': [0, 7, 0, 14, 0, 21, 0, 28, 0, 35, 0, 42, 0, 49, 0, 56, 0, 63, 0, 70]}
2021-04-16 01:01:41,315 [Crc:DEBUG] calculating for data=00-14-00-2d-04-00-00-00-00-3d-22-69-ac-00-06-75-52-00-17-0d-00-00-32-dc-61-ea-60-ee-48-00-08-00-10-00-18-00-20-00-28-00-30-00-38-00-40-00-48-00-50
2021-04-16 01:01:41,315 [Crc:DEBUG] fcs=0x6a14
2021-04-16 01:01:41,315 [Hdlc:DEBUG] 
receivedFrame:
 - payload: 00 14 00 2d 04 00 00 00 00 3d 22 69 ac 00 06 75 52 00 17 0d 00 00 32 dc 61 ea 60 ee 48 00 08 00 10 00 18 00 20 00 28 00 30 00 38 00 40 00 48 00 50
 - fcs:     6a 14
 - valid:   True
2021-04-16 01:01:41,315 [SerialConnector:DEBUG] cmdId=20 length=45 isResponse=False packetId=0 payload=[4, 0, 0, 0, 0, 61, 34, 105, 172, 0, 6, 117, 82, 0, 23, 13, 0, 0, 50, 220, 97, 234, 96, 238, 72, 0, 8, 0, 16, 0, 24, 0, 32, 0, 40, 0, 48, 0, 56, 0, 64, 0, 72, 0, 80]
2021-04-16 01:01:41,315 [SerialConnector:DEBUG] <--------- moteToPc DATA (0) ----------
2021-04-16 01:01:41,315 [SerialConnector:DEBUG] no ack needed
2021-04-16 01:01:41,315 [ByteArraySerializer:DEBUG] deserialize ...
- type:             notification
- id:               20
- byteArray:        04-00-00-00-00-3d-22-69-ac-00-06-75-52-00-17-0d-00-00-32-dc-61-ea-60-ee-48-00-08-00-10-00-18-00-20-00-28-00-30-00-38-00-40-00-48-00-50
2021-04-16 01:01:41,315 [ByteArraySerializer:DEBUG] ... deserialized into
- nameArray:        ['notification', 'notifData']
- returnFields:     {'macAddress': [0, 23, 13, 0, 0, 50, 220, 97], 'srcPort': 60000, 'utcUsecs': 423250, 'utcSecs': 1025665452L, 'dstPort': 61000, 'data': [0, 8, 0, 16, 0, 24, 0, 32, 0, 40, 0, 48, 0, 56, 0, 64, 0, 72, 0, 80]}
2021-04-16 01:01:51,357 [Crc:DEBUG] calculating for data=00-14-00-2d-04-00-00-00-00-3d-22-69-b6-00-09-30-8a-00-17-0d-00-00-32-dc-61-ea-60-ee-48-00-09-00-12-00-1b-00-24-00-2d-00-36-00-3f-00-48-00-51-00-5a
2021-04-16 01:01:51,357 [Crc:DEBUG] fcs=0x6883
2021-04-16 01:01:51,357 [Hdlc:DEBUG] 
receivedFrame:
 - payload: 00 14 00 2d 04 00 00 00 00 3d 22 69 b6 00 09 30 8a 00 17 0d 00 00 32 dc 61 ea 60 ee 48 00 09 00 12 00 1b 00 24 00 2d 00 36 00 3f 00 48 00 51 00 5a
 - fcs:     68 83
 - valid:   True
2021-04-16 01:01:51,357 [SerialConnector:DEBUG] cmdId=20 length=45 isResponse=False packetId=0 payload=[4, 0, 0, 0, 0, 61, 34, 105, 182, 0, 9, 48, 138, 0, 23, 13, 0, 0, 50, 220, 97, 234, 96, 238, 72, 0, 9, 0, 18, 0, 27, 0, 36, 0, 45, 0, 54, 0, 63, 0, 72, 0, 81, 0, 90]
2021-04-16 01:01:51,357 [SerialConnector:DEBUG] <--------- moteToPc DATA (0) ----------
2021-04-16 01:01:51,357 [SerialConnector:DEBUG] no ack needed
2021-04-16 01:01:51,357 [ByteArraySerializer:DEBUG] deserialize ...
- type:             notification
- id:               20
- byteArray:        04-00-00-00-00-3d-22-69-b6-00-09-30-8a-00-17-0d-00-00-32-dc-61-ea-60-ee-48-00-09-00-12-00-1b-00-24-00-2d-00-36-00-3f-00-48-00-51-00-5a
2021-04-16 01:01:51,357 [ByteArraySerializer:DEBUG] ... deserialized into
- nameArray:        ['notification', 'notifData']
- returnFields:     {'macAddress': [0, 23, 13, 0, 0, 50, 220, 97], 'srcPort': 60000, 'utcUsecs': 602250, 'utcSecs': 1025665462L, 'dstPort': 61000, 'data': [0, 9, 0, 18, 0, 27, 0, 36, 0, 45, 0, 54, 0, 63, 0, 72, 0, 81, 0, 90]}
2021-04-16 01:02:03,405 [Crc:DEBUG] calculating for data=00-14-00-2d-04-00-00-00-00-3d-22-69-c0-00-0b-eb-c2-00-17-0d-00-00-32-dc-61-ea-60-ee-48-00-00-00-00-00-00-00-00-00-00-00-00-00-00-00-00-00-00-00-00
2021-04-16 01:02:03,405 [Crc:DEBUG] fcs=0x9b5f
2021-04-16 01:02:03,405 [Hdlc:DEBUG] 
receivedFrame:
 - payload: 00 14 00 2d 04 00 00 00 00 3d 22 69 c0 00 0b eb c2 00 17 0d 00 00 32 dc 61 ea 60 ee 48 00 00 00 00 00 00 00 00 00 00 00 00 00 00 00 00 00 00 00 00
 - fcs:     9b 5f
 - valid:   True
2021-04-16 01:02:03,405 [SerialConnector:DEBUG] cmdId=20 length=45 isResponse=False packetId=0 payload=[4, 0, 0, 0, 0, 61, 34, 105, 192, 0, 11, 235, 194, 0, 23, 13, 0, 0, 50, 220, 97, 234, 96, 238, 72, 0, 0, 0, 0, 0, 0, 0, 0, 0, 0, 0, 0, 0, 0, 0, 0, 0, 0, 0, 0]
2021-04-16 01:02:03,405 [SerialConnector:DEBUG] <--------- moteToPc DATA (0) ----------
2021-04-16 01:02:03,405 [SerialConnector:DEBUG] no ack needed
2021-04-16 01:02:03,405 [ByteArraySerializer:DEBUG] deserialize ...
- type:             notification
- id:               20
- byteArray:        04-00-00-00-00-3d-22-69-c0-00-0b-eb-c2-00-17-0d-00-00-32-dc-61-ea-60-ee-48-00-00-00-00-00-00-00-00-00-00-00-00-00-00-00-00-00-00-00-00
2021-04-16 01:02:03,405 [ByteArraySerializer:DEBUG] ... deserialized into
- nameArray:        ['notification', 'notifData']
- returnFields:     {'macAddress': [0, 23, 13, 0, 0, 50, 220, 97], 'srcPort': 60000, 'utcUsecs': 781250, 'utcSecs': 1025665472L, 'dstPort': 61000, 'data': [0, 0, 0, 0, 0, 0, 0, 0, 0, 0, 0, 0, 0, 0, 0, 0, 0, 0, 0, 0]}
2021-04-16 01:02:18,654 [Hdlc:INFO] disconnect
2021-04-16 01:02:18,655 [SerialConnector:INFO] hdlc notification: connection state=False
2021-04-16 01:02:18,657 [Hdlc:INFO] thread ended
