2021-03-02 18:03:55,341 [App:DEBUG] Starting TempMonitorGui
2021-03-02 18:04:14,045 [App:DEBUG] _apiFrameCb_apiLoaded
2021-03-02 18:04:25,828 [SerialConnector:INFO] creating object
2021-03-02 18:04:25,828 [Hdlc:INFO] Creating object
2021-03-02 18:04:25,845 [Hdlc:INFO] opened port com9@115200baud
2021-03-02 18:04:25,845 [SerialConnector:INFO] hdlc notification: connection state=True
2021-03-02 18:04:25,845 [Hdlc:INFO] thread started
2021-03-02 18:04:25,846 [ByteArraySerializer:DEBUG] serialize ...
- commandArray:     ['hello']
- fieldsToFill:     {'cliSeqNo': 255, 'version': 4, 'mode': 0}
2021-03-02 18:04:25,846 [ByteArraySerializer:DEBUG] ... serialize into
- cmdId:            1
- byteArray:        04-ff-00
2021-03-02 18:04:25,846 [SerialConnector:DEBUG] _sendInternal cmdId=1 retry=0 isResponse=False serializedFields=[4, 255, 0]
2021-03-02 18:04:25,846 [SerialConnector:DEBUG] ---------- pcToMote DATA (0) ---------->
2021-03-02 18:04:25,848 [Crc:DEBUG] calculating for data=00-01-00-03-04-ff-00
2021-03-02 18:04:25,848 [Crc:DEBUG] fcs=0x3731
2021-03-02 18:04:25,848 [Hdlc:DEBUG] 
packetToSend:
 - payload: 00 01 00 03 04 ff 00
 - fcs:     37 31
 - valid:   True
2021-03-02 18:04:25,851 [Crc:DEBUG] calculating for data=00-02-00-05-00-04-00-ff-00
2021-03-02 18:04:25,851 [Crc:DEBUG] fcs=0x2323
2021-03-02 18:04:25,851 [Hdlc:DEBUG] 
receivedFrame:
 - payload: 00 02 00 05 00 04 00 ff 00
 - fcs:     23 23
 - valid:   True
2021-03-02 18:04:25,851 [SerialConnector:DEBUG] cmdId=2 length=5 isResponse=False packetId=0 payload=[0, 4, 0, 255, 0]
2021-03-02 18:04:25,851 [SerialConnector:DEBUG] <--------- moteToPc DATA (0) ----------
2021-03-02 18:04:25,851 [SerialConnector:DEBUG] no ack needed
2021-03-02 18:04:25,851 [ByteArraySerializer:DEBUG] deserialize ...
- type:             command
- id:               2
- byteArray:        00-04-00-ff-00
2021-03-02 18:04:25,852 [ByteArraySerializer:DEBUG] ... deserialized into
- nameArray:        ['hello_response']
- returnFields:     {'cliSeqNo': 255, 'version': 4, 'successCode': 0, 'mgrSeqNo': 0, 'mode': 0}
2021-03-02 18:04:25,858 [App:DEBUG] _connectionFrameCb_connected
2021-03-02 18:04:25,859 [App:DEBUG] Initialize notifClient
2021-03-02 18:04:25,859 [ByteArraySerializer:DEBUG] serialize ...
- commandArray:     ['subscribe']
- fieldsToFill:     {'filter': [0, 16], 'unackFilter': [0, 16]}
2021-03-02 18:04:25,859 [ByteArraySerializer:DEBUG] ... serialize into
- cmdId:            22
- byteArray:        00-00-00-10-00-00-00-10
2021-03-02 18:04:25,859 [SerialConnector:DEBUG] _sendInternal cmdId=22 retry=0 isResponse=False serializedFields=[0, 0, 0, 16, 0, 0, 0, 16]
2021-03-02 18:04:25,859 [SerialConnector:DEBUG] ---------- pcToMote DATA (0) ---------->
2021-03-02 18:04:25,859 [Crc:DEBUG] calculating for data=02-16-00-08-00-00-00-10-00-00-00-10
2021-03-02 18:04:25,859 [Crc:DEBUG] fcs=0x5c3d
2021-03-02 18:04:25,861 [Hdlc:DEBUG] 
packetToSend:
 - payload: 02 16 00 08 00 00 00 10 00 00 00 10
 - fcs:     5c 3d
 - valid:   True
2021-03-02 18:04:25,865 [Crc:DEBUG] calculating for data=03-16-00-01-00
2021-03-02 18:04:25,865 [Crc:DEBUG] fcs=0x5843
2021-03-02 18:04:25,865 [Hdlc:DEBUG] 
receivedFrame:
 - payload: 03 16 00 01 00
 - fcs:     58 43
 - valid:   True
2021-03-02 18:04:25,865 [SerialConnector:DEBUG] cmdId=22 length=1 isResponse=True packetId=0 payload=[0]
2021-03-02 18:04:25,865 [SerialConnector:DEBUG] <--------- pcToMote ACK (0) after 0.005 --------
2021-03-02 18:04:25,865 [SerialConnector:DEBUG] no ack needed
2021-03-02 18:04:25,865 [ByteArraySerializer:DEBUG] deserialize ...
- type:             command
- id:               22
- byteArray:        00
2021-03-02 18:04:25,865 [ByteArraySerializer:DEBUG] ... deserialized into
- nameArray:        ['subscribe']
- returnFields:     {'RC': 0}
2021-03-02 18:04:25,875 [ByteArraySerializer:DEBUG] serialize ...
- commandArray:     ['subscribe']
- fieldsToFill:     {'filter': [0, 18], 'unackFilter': [0, 16]}
2021-03-02 18:04:25,875 [ByteArraySerializer:DEBUG] ... serialize into
- cmdId:            22
- byteArray:        00-00-00-12-00-00-00-10
2021-03-02 18:04:25,875 [SerialConnector:DEBUG] _sendInternal cmdId=22 retry=0 isResponse=False serializedFields=[0, 0, 0, 18, 0, 0, 0, 16]
2021-03-02 18:04:25,875 [SerialConnector:DEBUG] ---------- pcToMote DATA (1) ---------->
2021-03-02 18:04:25,875 [Crc:DEBUG] calculating for data=02-16-01-08-00-00-00-12-00-00-00-10
2021-03-02 18:04:25,875 [Crc:DEBUG] fcs=0xf3 7
2021-03-02 18:04:25,875 [Hdlc:DEBUG] 
packetToSend:
 - payload: 02 16 01 08 00 00 00 12 00 00 00 10
 - fcs:     f3 07
 - valid:   True
2021-03-02 18:04:25,878 [Crc:DEBUG] calculating for data=03-16-01-01-00
2021-03-02 18:04:25,878 [Crc:DEBUG] fcs=0x8419
2021-03-02 18:04:25,878 [Hdlc:DEBUG] 
receivedFrame:
 - payload: 03 16 01 01 00
 - fcs:     84 19
 - valid:   True
2021-03-02 18:04:25,878 [SerialConnector:DEBUG] cmdId=22 length=1 isResponse=True packetId=1 payload=[0]
2021-03-02 18:04:25,878 [SerialConnector:DEBUG] <--------- pcToMote ACK (1) after 0.004 --------
2021-03-02 18:04:25,878 [SerialConnector:DEBUG] no ack needed
2021-03-02 18:04:25,878 [ByteArraySerializer:DEBUG] deserialize ...
- type:             command
- id:               22
- byteArray:        00
2021-03-02 18:04:25,880 [ByteArraySerializer:DEBUG] ... deserialized into
- nameArray:        ['subscribe']
- returnFields:     {'RC': 0}
2021-03-02 18:04:25,891 [ByteArraySerializer:DEBUG] serialize ...
- commandArray:     ['getMoteConfig']
- fieldsToFill:     {'macAddress': (0, 0, 0, 0, 0, 0, 0, 0), 'next': True}
2021-03-02 18:04:25,891 [ByteArraySerializer:DEBUG] ... serialize into
- cmdId:            47
- byteArray:        00-00-00-00-00-00-00-00-01
2021-03-02 18:04:25,891 [SerialConnector:DEBUG] _sendInternal cmdId=47 retry=0 isResponse=False serializedFields=[0, 0, 0, 0, 0, 0, 0, 0, True]
2021-03-02 18:04:25,891 [SerialConnector:DEBUG] ---------- pcToMote DATA (2) ---------->
2021-03-02 18:04:25,891 [Crc:DEBUG] calculating for data=02-2f-02-09-00-00-00-00-00-00-00-00-01
2021-03-02 18:04:25,891 [Crc:DEBUG] fcs=0xd098
2021-03-02 18:04:25,891 [Hdlc:DEBUG] 
packetToSend:
 - payload: 02 2f 02 09 00 00 00 00 00 00 00 00 01
 - fcs:     d0 98
 - valid:   True
2021-03-02 18:04:25,897 [Crc:DEBUG] calculating for data=03-2f-02-0f-00-00-17-0d-00-00-5a-5b-43-00-01-01-04-01-01
2021-03-02 18:04:25,897 [Crc:DEBUG] fcs=0x6f59
2021-03-02 18:04:25,897 [Hdlc:DEBUG] 
receivedFrame:
 - payload: 03 2f 02 0f 00 00 17 0d 00 00 5a 5b 43 00 01 01 04 01 01
 - fcs:     6f 59
 - valid:   True
2021-03-02 18:04:25,897 [SerialConnector:DEBUG] cmdId=47 length=15 isResponse=True packetId=2 payload=[0, 0, 23, 13, 0, 0, 90, 91, 67, 0, 1, 1, 4, 1, 1]
2021-03-02 18:04:25,897 [SerialConnector:DEBUG] <--------- pcToMote ACK (2) after 0.006 --------
2021-03-02 18:04:25,897 [SerialConnector:DEBUG] no ack needed
2021-03-02 18:04:25,898 [ByteArraySerializer:DEBUG] deserialize ...
- type:             command
- id:               47
- byteArray:        00-00-17-0d-00-00-5a-5b-43-00-01-01-04-01-01
2021-03-02 18:04:25,898 [ByteArraySerializer:DEBUG] ... deserialized into
- nameArray:        ['getMoteConfig']
- returnFields:     {'macAddress': [0, 23, 13, 0, 0, 90, 91, 67], 'reserved': 1, 'state': 4, 'isRouting': True, 'RC': 0, 'moteId': 1, 'isAP': True}
2021-03-02 18:04:25,904 [ByteArraySerializer:DEBUG] serialize ...
- commandArray:     ['getMoteConfig']
- fieldsToFill:     {'macAddress': [0, 23, 13, 0, 0, 90, 91, 67], 'next': True}
2021-03-02 18:04:25,904 [ByteArraySerializer:DEBUG] ... serialize into
- cmdId:            47
- byteArray:        00-17-0d-00-00-5a-5b-43-01
2021-03-02 18:04:25,904 [SerialConnector:DEBUG] _sendInternal cmdId=47 retry=0 isResponse=False serializedFields=[0, 23, 13, 0, 0, 90, 91, 67, True]
2021-03-02 18:04:25,904 [SerialConnector:DEBUG] ---------- pcToMote DATA (3) ---------->
2021-03-02 18:04:25,904 [Crc:DEBUG] calculating for data=02-2f-03-09-00-17-0d-00-00-5a-5b-43-01
2021-03-02 18:04:25,904 [Crc:DEBUG] fcs=0x8beb
2021-03-02 18:04:25,904 [Hdlc:DEBUG] 
packetToSend:
 - payload: 02 2f 03 09 00 17 0d 00 00 5a 5b 43 01
 - fcs:     8b eb
 - valid:   True
2021-03-02 18:04:25,911 [Crc:DEBUG] calculating for data=03-2f-03-0f-00-00-17-0d-00-00-32-dc-61-00-02-00-04-00-01
2021-03-02 18:04:25,911 [Crc:DEBUG] fcs=0x8b3c
2021-03-02 18:04:25,911 [Hdlc:DEBUG] 
receivedFrame:
 - payload: 03 2f 03 0f 00 00 17 0d 00 00 32 dc 61 00 02 00 04 00 01
 - fcs:     8b 3c
 - valid:   True
2021-03-02 18:04:25,913 [SerialConnector:DEBUG] cmdId=47 length=15 isResponse=True packetId=3 payload=[0, 0, 23, 13, 0, 0, 50, 220, 97, 0, 2, 0, 4, 0, 1]
2021-03-02 18:04:25,913 [SerialConnector:DEBUG] <--------- pcToMote ACK (3) after 0.008 --------
2021-03-02 18:04:25,913 [SerialConnector:DEBUG] no ack needed
2021-03-02 18:04:25,913 [ByteArraySerializer:DEBUG] deserialize ...
- type:             command
- id:               47
- byteArray:        00-00-17-0d-00-00-32-dc-61-00-02-00-04-00-01
2021-03-02 18:04:25,913 [ByteArraySerializer:DEBUG] ... deserialized into
- nameArray:        ['getMoteConfig']
- returnFields:     {'macAddress': [0, 23, 13, 0, 0, 50, 220, 97], 'reserved': 0, 'state': 4, 'isRouting': True, 'RC': 0, 'moteId': 2, 'isAP': False}
2021-03-02 18:04:25,921 [ByteArraySerializer:DEBUG] serialize ...
- commandArray:     ['getMoteConfig']
- fieldsToFill:     {'macAddress': [0, 23, 13, 0, 0, 50, 220, 97], 'next': True}
2021-03-02 18:04:25,921 [ByteArraySerializer:DEBUG] ... serialize into
- cmdId:            47
- byteArray:        00-17-0d-00-00-32-dc-61-01
2021-03-02 18:04:25,921 [SerialConnector:DEBUG] _sendInternal cmdId=47 retry=0 isResponse=False serializedFields=[0, 23, 13, 0, 0, 50, 220, 97, True]
2021-03-02 18:04:25,921 [SerialConnector:DEBUG] ---------- pcToMote DATA (4) ---------->
2021-03-02 18:04:25,921 [Crc:DEBUG] calculating for data=02-2f-04-09-00-17-0d-00-00-32-dc-61-01
2021-03-02 18:04:25,921 [Crc:DEBUG] fcs=0x3ba7
2021-03-02 18:04:25,921 [Hdlc:DEBUG] 
packetToSend:
 - payload: 02 2f 04 09 00 17 0d 00 00 32 dc 61 01
 - fcs:     3b a7
 - valid:   True
2021-03-02 18:04:25,927 [Crc:DEBUG] calculating for data=03-2f-04-0f-00-00-17-0d-00-00-32-23-d3-00-03-00-04-00-01
2021-03-02 18:04:25,927 [Crc:DEBUG] fcs=0x27d2
2021-03-02 18:04:25,927 [Hdlc:DEBUG] 
receivedFrame:
 - payload: 03 2f 04 0f 00 00 17 0d 00 00 32 23 d3 00 03 00 04 00 01
 - fcs:     27 d2
 - valid:   True
2021-03-02 18:04:25,927 [SerialConnector:DEBUG] cmdId=47 length=15 isResponse=True packetId=4 payload=[0, 0, 23, 13, 0, 0, 50, 35, 211, 0, 3, 0, 4, 0, 1]
2021-03-02 18:04:25,927 [SerialConnector:DEBUG] <--------- pcToMote ACK (4) after 0.006 --------
2021-03-02 18:04:25,927 [SerialConnector:DEBUG] no ack needed
2021-03-02 18:04:25,927 [ByteArraySerializer:DEBUG] deserialize ...
- type:             command
- id:               47
- byteArray:        00-00-17-0d-00-00-32-23-d3-00-03-00-04-00-01
2021-03-02 18:04:25,927 [ByteArraySerializer:DEBUG] ... deserialized into
- nameArray:        ['getMoteConfig']
- returnFields:     {'macAddress': [0, 23, 13, 0, 0, 50, 35, 211], 'reserved': 0, 'state': 4, 'isRouting': True, 'RC': 0, 'moteId': 3, 'isAP': False}
2021-03-02 18:04:25,936 [ByteArraySerializer:DEBUG] serialize ...
- commandArray:     ['getMoteConfig']
- fieldsToFill:     {'macAddress': [0, 23, 13, 0, 0, 50, 35, 211], 'next': True}
2021-03-02 18:04:25,936 [ByteArraySerializer:DEBUG] ... serialize into
- cmdId:            47
- byteArray:        00-17-0d-00-00-32-23-d3-01
2021-03-02 18:04:25,936 [SerialConnector:DEBUG] _sendInternal cmdId=47 retry=0 isResponse=False serializedFields=[0, 23, 13, 0, 0, 50, 35, 211, True]
2021-03-02 18:04:25,936 [SerialConnector:DEBUG] ---------- pcToMote DATA (5) ---------->
2021-03-02 18:04:25,936 [Crc:DEBUG] calculating for data=02-2f-05-09-00-17-0d-00-00-32-23-d3-01
2021-03-02 18:04:25,936 [Crc:DEBUG] fcs=0x873d
2021-03-02 18:04:25,936 [Hdlc:DEBUG] 
packetToSend:
 - payload: 02 2f 05 09 00 17 0d 00 00 32 23 d3 01
 - fcs:     87 3d
 - valid:   True
2021-03-02 18:04:25,940 [Crc:DEBUG] calculating for data=03-2f-05-01-0b
2021-03-02 18:04:25,940 [Crc:DEBUG] fcs=0xa771
2021-03-02 18:04:25,940 [Hdlc:DEBUG] 
receivedFrame:
 - payload: 03 2f 05 01 0b
 - fcs:     a7 71
 - valid:   True
2021-03-02 18:04:25,940 [SerialConnector:DEBUG] cmdId=47 length=1 isResponse=True packetId=5 payload=[11]
2021-03-02 18:04:25,940 [SerialConnector:DEBUG] <--------- pcToMote ACK (5) after 0.005 --------
2021-03-02 18:04:25,940 [SerialConnector:DEBUG] no ack needed
2021-03-02 18:04:25,940 [ByteArraySerializer:DEBUG] deserialize ...
- type:             command
- id:               47
- byteArray:        0b
2021-03-02 18:04:25,940 [ByteArraySerializer:DEBUG] ... deserialized into
- nameArray:        ['getMoteConfig']
- returnFields:     {'RC': 11}
2021-03-02 18:04:26,871 [ByteArraySerializer:DEBUG] serialize ...
- commandArray:     ['getTime']
- fieldsToFill:     {}
2021-03-02 18:04:26,871 [ByteArraySerializer:DEBUG] ... serialize into
- cmdId:            23
- byteArray:        
2021-03-02 18:04:26,871 [SerialConnector:DEBUG] _sendInternal cmdId=23 retry=0 isResponse=False serializedFields=[]
2021-03-02 18:04:26,871 [SerialConnector:DEBUG] ---------- pcToMote DATA (6) ---------->
2021-03-02 18:04:26,871 [Crc:DEBUG] calculating for data=02-17-06-00
2021-03-02 18:04:26,871 [Crc:DEBUG] fcs=0xe898
2021-03-02 18:04:26,871 [Hdlc:DEBUG] 
packetToSend:
 - payload: 02 17 06 00
 - fcs:     e8 98
 - valid:   True
2021-03-02 18:04:26,877 [Crc:DEBUG] calculating for data=03-17-06-18-00-00-00-1c-9e-00-00-00-00-3d-22-85-4d-00-08-11-2a-00-00-0f-6a-f1-15-38
2021-03-02 18:04:26,877 [Crc:DEBUG] fcs=0x301f
2021-03-02 18:04:26,877 [Hdlc:DEBUG] 
receivedFrame:
 - payload: 03 17 06 18 00 00 00 1c 9e 00 00 00 00 3d 22 85 4d 00 08 11 2a 00 00 0f 6a f1 15 38
 - fcs:     30 1f
 - valid:   True
2021-03-02 18:04:26,877 [SerialConnector:DEBUG] cmdId=23 length=24 isResponse=True packetId=6 payload=[0, 0, 0, 28, 158, 0, 0, 0, 0, 61, 34, 133, 77, 0, 8, 17, 42, 0, 0, 15, 106, 241, 21, 56]
2021-03-02 18:04:26,878 [SerialConnector:DEBUG] <--------- pcToMote ACK (6) after 0.006 --------
2021-03-02 18:04:26,878 [SerialConnector:DEBUG] no ack needed
2021-03-02 18:04:26,878 [ByteArraySerializer:DEBUG] deserialize ...
- type:             command
- id:               23
- byteArray:        00-00-00-1c-9e-00-00-00-00-3d-22-85-4d-00-08-11-2a-00-00-0f-6a-f1-15-38
2021-03-02 18:04:26,878 [ByteArraySerializer:DEBUG] ... deserialized into
- nameArray:        ['getTime']
- returnFields:     {'uptime': 7326, 'utcUsecs': 528682, 'utcSecs': 1025672525L, 'asnOffset': 5432, 'RC': 0, 'asn': [0, 0, 15, 106, 241]}
2021-03-02 18:04:26,885 [LatencyCalculator:INFO] Acquired time: lockNetworkTime=1025672525.53 lockPcTime=1614737066.87
2021-03-02 18:04:36,625 [ByteArraySerializer:DEBUG] serialize ...
- commandArray:     ['sendData']
- fieldsToFill:     {'macAddress': (0, 23, 13, 0, 0, 50, 35, 211), 'srcPort': 61625, 'priority': 0, 'dstPort': 61625, 'data': [5, 0, 2, 255, 2, 3, 2, 0, 1, 1], 'options': 0}
2021-03-02 18:04:36,625 [ByteArraySerializer:DEBUG] ... serialize into
- cmdId:            44
- byteArray:        00-17-0d-00-00-32-23-d3-00-f0-b9-f0-b9-00-05-00-02-ff-02-03-02-00-01-01
2021-03-02 18:04:36,625 [SerialConnector:DEBUG] _sendInternal cmdId=44 retry=0 isResponse=False serializedFields=[0, 23, 13, 0, 0, 50, 35, 211, 0, 240, 185, 240, 185, 0, 5, 0, 2, 255, 2, 3, 2, 0, 1, 1]
2021-03-02 18:04:36,625 [SerialConnector:DEBUG] ---------- pcToMote DATA (7) ---------->
2021-03-02 18:04:36,625 [Crc:DEBUG] calculating for data=02-2c-07-18-00-17-0d-00-00-32-23-d3-00-f0-b9-f0-b9-00-05-00-02-ff-02-03-02-00-01-01
2021-03-02 18:04:36,625 [Crc:DEBUG] fcs=0x4e c
2021-03-02 18:04:36,625 [Hdlc:DEBUG] 
packetToSend:
 - payload: 02 2c 07 18 00 17 0d 00 00 32 23 d3 00 f0 b9 f0 b9 00 05 00 02 ff 02 03 02 00 01 01
 - fcs:     4e 0c
 - valid:   True
2021-03-02 18:04:36,634 [Crc:DEBUG] calculating for data=03-2c-07-05-00-00-00-00-01
2021-03-02 18:04:36,634 [Crc:DEBUG] fcs=0x6428
2021-03-02 18:04:36,634 [Hdlc:DEBUG] 
receivedFrame:
 - payload: 03 2c 07 05 00 00 00 00 01
 - fcs:     64 28
 - valid:   True
2021-03-02 18:04:36,634 [SerialConnector:DEBUG] cmdId=44 length=5 isResponse=True packetId=7 payload=[0, 0, 0, 0, 1]
2021-03-02 18:04:36,634 [SerialConnector:DEBUG] <--------- pcToMote ACK (7) after 0.010 --------
2021-03-02 18:04:36,634 [SerialConnector:DEBUG] no ack needed
2021-03-02 18:04:36,634 [ByteArraySerializer:DEBUG] deserialize ...
- type:             command
- id:               44
- byteArray:        00-00-00-00-01
2021-03-02 18:04:36,634 [ByteArraySerializer:DEBUG] ... deserialized into
- nameArray:        ['sendData']
- returnFields:     {'callbackId': 1, 'RC': 0}
2021-03-02 18:04:36,640 [Crc:DEBUG] calculating for data=02-14-01-0b-01-00-00-00-01-0c-00-00-00-01-00
2021-03-02 18:04:36,640 [Crc:DEBUG] fcs=0x70e3
2021-03-02 18:04:36,640 [Hdlc:DEBUG] 
receivedFrame:
 - payload: 02 14 01 0b 01 00 00 00 01 0c 00 00 00 01 00
 - fcs:     70 e3
 - valid:   True
2021-03-02 18:04:36,640 [SerialConnector:DEBUG] cmdId=20 length=11 isResponse=False packetId=1 payload=[1, 0, 0, 0, 1, 12, 0, 0, 0, 1, 0]
2021-03-02 18:04:36,640 [SerialConnector:DEBUG] <--------- moteToPc DATA (1) ----------
2021-03-02 18:04:36,640 [SerialConnector:DEBUG] _sendInternal cmdId=20 retry=0 isResponse=True serializedFields=[0]
2021-03-02 18:04:36,640 [Crc:DEBUG] calculating for data=03-14-01-01-00
2021-03-02 18:04:36,640 [Crc:DEBUG] fcs=0xf220
2021-03-02 18:04:36,640 [Hdlc:DEBUG] 
packetToSend:
 - payload: 03 14 01 01 00
 - fcs:     f2 20
 - valid:   True
2021-03-02 18:04:36,640 [SerialConnector:DEBUG] ---------- moteToPc ACK (1) after 0.000 ------->
2021-03-02 18:04:36,640 [SerialConnector:DEBUG] ack sent
2021-03-02 18:04:36,640 [ByteArraySerializer:DEBUG] deserialize ...
- type:             notification
- id:               20
- byteArray:        01-00-00-00-01-0c-00-00-00-01-00
2021-03-02 18:04:36,641 [ByteArraySerializer:DEBUG] ... deserialized into
- nameArray:        ['notification', 'notifEvent', 'eventPacketSent']
- returnFields:     {'eventId': 1, 'callbackId': 1, 'rc': 0}
2021-03-02 18:04:36,641 [App:DEBUG] notifClient._eventCallback eventPacketSent Tuple_eventPacketSent(eventId=1, callbackId=1, rc=0)
2021-03-02 18:04:36,996 [ByteArraySerializer:DEBUG] serialize ...
- commandArray:     ['getTime']
- fieldsToFill:     {}
2021-03-02 18:04:36,996 [ByteArraySerializer:DEBUG] ... serialize into
- cmdId:            23
- byteArray:        
2021-03-02 18:04:36,996 [SerialConnector:DEBUG] _sendInternal cmdId=23 retry=0 isResponse=False serializedFields=[]
2021-03-02 18:04:36,996 [SerialConnector:DEBUG] ---------- pcToMote DATA (8) ---------->
2021-03-02 18:04:36,996 [Crc:DEBUG] calculating for data=02-17-08-00
2021-03-02 18:04:36,996 [Crc:DEBUG] fcs=0xf8 2
2021-03-02 18:04:36,996 [Hdlc:DEBUG] 
packetToSend:
 - payload: 02 17 08 00
 - fcs:     f8 02
 - valid:   True
2021-03-02 18:04:37,003 [Crc:DEBUG] calculating for data=03-17-08-18-00-00-00-1c-a8-00-00-00-00-3d-22-85-57-00-0a-00-af-00-00-0f-70-66-0f-c3
2021-03-02 18:04:37,003 [Crc:DEBUG] fcs=0xf117
2021-03-02 18:04:37,003 [Hdlc:DEBUG] 
receivedFrame:
 - payload: 03 17 08 18 00 00 00 1c a8 00 00 00 00 3d 22 85 57 00 0a 00 af 00 00 0f 70 66 0f c3
 - fcs:     f1 17
 - valid:   True
2021-03-02 18:04:37,003 [SerialConnector:DEBUG] cmdId=23 length=24 isResponse=True packetId=8 payload=[0, 0, 0, 28, 168, 0, 0, 0, 0, 61, 34, 133, 87, 0, 10, 0, 175, 0, 0, 15, 112, 102, 15, 195]
2021-03-02 18:04:37,003 [SerialConnector:DEBUG] <--------- pcToMote ACK (8) after 0.007 --------
2021-03-02 18:04:37,003 [SerialConnector:DEBUG] no ack needed
2021-03-02 18:04:37,003 [ByteArraySerializer:DEBUG] deserialize ...
- type:             command
- id:               23
- byteArray:        00-00-00-1c-a8-00-00-00-00-3d-22-85-57-00-0a-00-af-00-00-0f-70-66-0f-c3
2021-03-02 18:04:37,003 [ByteArraySerializer:DEBUG] ... deserialized into
- nameArray:        ['getTime']
- returnFields:     {'uptime': 7336, 'utcUsecs': 655535, 'utcSecs': 1025672535L, 'asnOffset': 4035, 'RC': 0, 'asn': [0, 0, 15, 112, 102]}
2021-03-02 18:04:37,013 [LatencyCalculator:INFO] Acquired time: lockNetworkTime=1025672535.66 lockPcTime=1614737077.0
2021-03-02 18:04:37,733 [Crc:DEBUG] calculating for data=00-14-00-21-04-00-00-00-00-3d-22-85-58-00-04-dc-24-00-17-0d-00-00-32-23-d3-f0-b9-f0-b9-07-10-02-00-ff-02-03-02
2021-03-02 18:04:37,733 [Crc:DEBUG] fcs=0x3c1f
2021-03-02 18:04:37,733 [Hdlc:DEBUG] 
receivedFrame:
 - payload: 00 14 00 21 04 00 00 00 00 3d 22 85 58 00 04 dc 24 00 17 0d 00 00 32 23 d3 f0 b9 f0 b9 07 10 02 00 ff 02 03 02
 - fcs:     3c 1f
 - valid:   True
2021-03-02 18:04:37,733 [SerialConnector:DEBUG] cmdId=20 length=33 isResponse=False packetId=0 payload=[4, 0, 0, 0, 0, 61, 34, 133, 88, 0, 4, 220, 36, 0, 23, 13, 0, 0, 50, 35, 211, 240, 185, 240, 185, 7, 16, 2, 0, 255, 2, 3, 2]
2021-03-02 18:04:37,733 [SerialConnector:DEBUG] <--------- moteToPc DATA (0) ----------
2021-03-02 18:04:37,733 [SerialConnector:DEBUG] no ack needed
2021-03-02 18:04:37,733 [ByteArraySerializer:DEBUG] deserialize ...
- type:             notification
- id:               20
- byteArray:        04-00-00-00-00-3d-22-85-58-00-04-dc-24-00-17-0d-00-00-32-23-d3-f0-b9-f0-b9-07-10-02-00-ff-02-03-02
2021-03-02 18:04:37,733 [ByteArraySerializer:DEBUG] ... deserialized into
- nameArray:        ['notification', 'notifData']
- returnFields:     {'macAddress': [0, 23, 13, 0, 0, 50, 35, 211], 'srcPort': 61625, 'utcUsecs': 318500, 'utcSecs': 1025672536L, 'dstPort': 61625, 'data': [7, 16, 2, 0, 255, 2, 3, 2]}
2021-03-02 18:04:37,734 [App:DEBUG] notifClient._dataCallback notifData:
Tuple_notifData:
             utcSecs: 1025672536
            utcUsecs: 318500
          macAddress: 00-17-0d-00-00-32-23-d3
             srcPort: 61625
             dstPort: 61625
                data: 07-10-02-00-ff-02-03-02
2021-03-02 18:04:38,789 [ByteArraySerializer:DEBUG] serialize ...
- commandArray:     ['sendData']
- fieldsToFill:     {'macAddress': (0, 23, 13, 0, 0, 50, 35, 211), 'srcPort': 61625, 'priority': 0, 'dstPort': 61625, 'data': [5, 0, 2, 255, 2, 3, 2, 0, 1, 0], 'options': 0}
2021-03-02 18:04:38,789 [ByteArraySerializer:DEBUG] ... serialize into
- cmdId:            44
- byteArray:        00-17-0d-00-00-32-23-d3-00-f0-b9-f0-b9-00-05-00-02-ff-02-03-02-00-01-00
2021-03-02 18:04:38,789 [SerialConnector:DEBUG] _sendInternal cmdId=44 retry=0 isResponse=False serializedFields=[0, 23, 13, 0, 0, 50, 35, 211, 0, 240, 185, 240, 185, 0, 5, 0, 2, 255, 2, 3, 2, 0, 1, 0]
2021-03-02 18:04:38,789 [SerialConnector:DEBUG] ---------- pcToMote DATA (9) ---------->
2021-03-02 18:04:38,790 [Crc:DEBUG] calculating for data=02-2c-09-18-00-17-0d-00-00-32-23-d3-00-f0-b9-f0-b9-00-05-00-02-ff-02-03-02-00-01-00
2021-03-02 18:04:38,790 [Crc:DEBUG] fcs=0xe3f8
2021-03-02 18:04:38,790 [Hdlc:DEBUG] 
packetToSend:
 - payload: 02 2c 09 18 00 17 0d 00 00 32 23 d3 00 f0 b9 f0 b9 00 05 00 02 ff 02 03 02 00 01 00
 - fcs:     e3 f8
 - valid:   True
2021-03-02 18:04:38,798 [Crc:DEBUG] calculating for data=03-2c-09-05-00-00-00-00-02
2021-03-02 18:04:38,798 [Crc:DEBUG] fcs=0xde9c
2021-03-02 18:04:38,798 [Hdlc:DEBUG] 
receivedFrame:
 - payload: 03 2c 09 05 00 00 00 00 02
 - fcs:     de 9c
 - valid:   True
2021-03-02 18:04:38,799 [SerialConnector:DEBUG] cmdId=44 length=5 isResponse=True packetId=9 payload=[0, 0, 0, 0, 2]
2021-03-02 18:04:38,799 [SerialConnector:DEBUG] <--------- pcToMote ACK (9) after 0.008 --------
2021-03-02 18:04:38,799 [SerialConnector:DEBUG] no ack needed
2021-03-02 18:04:38,799 [ByteArraySerializer:DEBUG] deserialize ...
- type:             command
- id:               44
- byteArray:        00-00-00-00-02
2021-03-02 18:04:38,799 [ByteArraySerializer:DEBUG] ... deserialized into
- nameArray:        ['sendData']
- returnFields:     {'callbackId': 2, 'RC': 0}
2021-03-02 18:04:38,803 [Crc:DEBUG] calculating for data=02-14-02-0b-01-00-00-00-02-0c-00-00-00-02-00
2021-03-02 18:04:38,803 [Crc:DEBUG] fcs=0x816f
2021-03-02 18:04:38,803 [Hdlc:DEBUG] 
receivedFrame:
 - payload: 02 14 02 0b 01 00 00 00 02 0c 00 00 00 02 00
 - fcs:     81 6f
 - valid:   True
2021-03-02 18:04:38,803 [SerialConnector:DEBUG] cmdId=20 length=11 isResponse=False packetId=2 payload=[1, 0, 0, 0, 2, 12, 0, 0, 0, 2, 0]
2021-03-02 18:04:38,803 [SerialConnector:DEBUG] <--------- moteToPc DATA (2) ----------
2021-03-02 18:04:38,805 [SerialConnector:DEBUG] _sendInternal cmdId=20 retry=0 isResponse=True serializedFields=[0]
2021-03-02 18:04:38,805 [Crc:DEBUG] calculating for data=03-14-02-01-00
2021-03-02 18:04:38,805 [Crc:DEBUG] fcs=0x96cf
2021-03-02 18:04:38,805 [Hdlc:DEBUG] 
packetToSend:
 - payload: 03 14 02 01 00
 - fcs:     96 cf
 - valid:   True
2021-03-02 18:04:38,805 [SerialConnector:DEBUG] ---------- moteToPc ACK (2) after 0.001 ------->
2021-03-02 18:04:38,805 [SerialConnector:DEBUG] ack sent
2021-03-02 18:04:38,805 [ByteArraySerializer:DEBUG] deserialize ...
- type:             notification
- id:               20
- byteArray:        01-00-00-00-02-0c-00-00-00-02-00
2021-03-02 18:04:38,805 [ByteArraySerializer:DEBUG] ... deserialized into
- nameArray:        ['notification', 'notifEvent', 'eventPacketSent']
- returnFields:     {'eventId': 2, 'callbackId': 2, 'rc': 0}
2021-03-02 18:04:38,805 [App:DEBUG] notifClient._eventCallback eventPacketSent Tuple_eventPacketSent(eventId=2, callbackId=2, rc=0)
2021-03-02 18:04:39,704 [Crc:DEBUG] calculating for data=00-14-00-21-04-00-00-00-00-3d-22-85-5a-00-04-6e-c4-00-17-0d-00-00-32-23-d3-f0-b9-f0-b9-07-20-02-00-ff-02-03-02
2021-03-02 18:04:39,704 [Crc:DEBUG] fcs=0x92c6
2021-03-02 18:04:39,706 [Hdlc:DEBUG] 
receivedFrame:
 - payload: 00 14 00 21 04 00 00 00 00 3d 22 85 5a 00 04 6e c4 00 17 0d 00 00 32 23 d3 f0 b9 f0 b9 07 20 02 00 ff 02 03 02
 - fcs:     92 c6
 - valid:   True
2021-03-02 18:04:39,706 [SerialConnector:DEBUG] cmdId=20 length=33 isResponse=False packetId=0 payload=[4, 0, 0, 0, 0, 61, 34, 133, 90, 0, 4, 110, 196, 0, 23, 13, 0, 0, 50, 35, 211, 240, 185, 240, 185, 7, 32, 2, 0, 255, 2, 3, 2]
2021-03-02 18:04:39,706 [SerialConnector:DEBUG] <--------- moteToPc DATA (0) ----------
2021-03-02 18:04:39,706 [SerialConnector:DEBUG] no ack needed
2021-03-02 18:04:39,706 [ByteArraySerializer:DEBUG] deserialize ...
- type:             notification
- id:               20
- byteArray:        04-00-00-00-00-3d-22-85-5a-00-04-6e-c4-00-17-0d-00-00-32-23-d3-f0-b9-f0-b9-07-20-02-00-ff-02-03-02
2021-03-02 18:04:39,706 [ByteArraySerializer:DEBUG] ... deserialized into
- nameArray:        ['notification', 'notifData']
- returnFields:     {'macAddress': [0, 23, 13, 0, 0, 50, 35, 211], 'srcPort': 61625, 'utcUsecs': 290500, 'utcSecs': 1025672538L, 'dstPort': 61625, 'data': [7, 32, 2, 0, 255, 2, 3, 2]}
2021-03-02 18:04:39,706 [App:DEBUG] notifClient._dataCallback notifData:
Tuple_notifData:
             utcSecs: 1025672538
            utcUsecs: 290500
          macAddress: 00-17-0d-00-00-32-23-d3
             srcPort: 61625
             dstPort: 61625
                data: 07-20-02-00-ff-02-03-02
2021-03-02 18:04:40,519 [ByteArraySerializer:DEBUG] serialize ...
- commandArray:     ['sendData']
- fieldsToFill:     {'macAddress': (0, 23, 13, 0, 0, 50, 220, 97), 'srcPort': 61625, 'priority': 0, 'dstPort': 61625, 'data': [5, 0, 2, 255, 2, 3, 2, 0, 1, 1], 'options': 0}
2021-03-02 18:04:40,519 [ByteArraySerializer:DEBUG] ... serialize into
- cmdId:            44
- byteArray:        00-17-0d-00-00-32-dc-61-00-f0-b9-f0-b9-00-05-00-02-ff-02-03-02-00-01-01
2021-03-02 18:04:40,519 [SerialConnector:DEBUG] _sendInternal cmdId=44 retry=0 isResponse=False serializedFields=[0, 23, 13, 0, 0, 50, 220, 97, 0, 240, 185, 240, 185, 0, 5, 0, 2, 255, 2, 3, 2, 0, 1, 1]
2021-03-02 18:04:40,519 [SerialConnector:DEBUG] ---------- pcToMote DATA (10) ---------->
2021-03-02 18:04:40,519 [Crc:DEBUG] calculating for data=02-2c-0a-18-00-17-0d-00-00-32-dc-61-00-f0-b9-f0-b9-00-05-00-02-ff-02-03-02-00-01-01
2021-03-02 18:04:40,519 [Crc:DEBUG] fcs=0xe690
2021-03-02 18:04:40,520 [Hdlc:DEBUG] 
packetToSend:
 - payload: 02 2c 0a 18 00 17 0d 00 00 32 dc 61 00 f0 b9 f0 b9 00 05 00 02 ff 02 03 02 00 01 01
 - fcs:     e6 90
 - valid:   True
2021-03-02 18:04:40,529 [Crc:DEBUG] calculating for data=03-2c-0a-05-00-00-00-00-03
2021-03-02 18:04:40,529 [Crc:DEBUG] fcs=0x3925
2021-03-02 18:04:40,529 [Hdlc:DEBUG] 
receivedFrame:
 - payload: 03 2c 0a 05 00 00 00 00 03
 - fcs:     39 25
 - valid:   True
2021-03-02 18:04:40,529 [SerialConnector:DEBUG] cmdId=44 length=5 isResponse=True packetId=10 payload=[0, 0, 0, 0, 3]
2021-03-02 18:04:40,529 [SerialConnector:DEBUG] <--------- pcToMote ACK (10) after 0.009 --------
2021-03-02 18:04:40,529 [SerialConnector:DEBUG] no ack needed
2021-03-02 18:04:40,529 [ByteArraySerializer:DEBUG] deserialize ...
- type:             command
- id:               44
- byteArray:        00-00-00-00-03
2021-03-02 18:04:40,529 [ByteArraySerializer:DEBUG] ... deserialized into
- nameArray:        ['sendData']
- returnFields:     {'callbackId': 3, 'RC': 0}
2021-03-02 18:04:40,533 [Crc:DEBUG] calculating for data=02-14-03-0b-01-00-00-00-03-0c-00-00-00-03-00
2021-03-02 18:04:40,533 [Crc:DEBUG] fcs=0x21ec
2021-03-02 18:04:40,535 [Hdlc:DEBUG] 
receivedFrame:
 - payload: 02 14 03 0b 01 00 00 00 03 0c 00 00 00 03 00
 - fcs:     21 ec
 - valid:   True
2021-03-02 18:04:40,535 [SerialConnector:DEBUG] cmdId=20 length=11 isResponse=False packetId=3 payload=[1, 0, 0, 0, 3, 12, 0, 0, 0, 3, 0]
2021-03-02 18:04:40,535 [SerialConnector:DEBUG] <--------- moteToPc DATA (3) ----------
2021-03-02 18:04:40,535 [SerialConnector:DEBUG] _sendInternal cmdId=20 retry=0 isResponse=True serializedFields=[0]
2021-03-02 18:04:40,535 [Crc:DEBUG] calculating for data=03-14-03-01-00
2021-03-02 18:04:40,535 [Crc:DEBUG] fcs=0x4a95
2021-03-02 18:04:40,535 [Hdlc:DEBUG] 
packetToSend:
 - payload: 03 14 03 01 00
 - fcs:     4a 95
 - valid:   True
2021-03-02 18:04:40,536 [SerialConnector:DEBUG] ---------- moteToPc ACK (3) after 0.001 ------->
2021-03-02 18:04:40,536 [SerialConnector:DEBUG] ack sent
2021-03-02 18:04:40,536 [ByteArraySerializer:DEBUG] deserialize ...
- type:             notification
- id:               20
- byteArray:        01-00-00-00-03-0c-00-00-00-03-00
2021-03-02 18:04:40,536 [ByteArraySerializer:DEBUG] ... deserialized into
- nameArray:        ['notification', 'notifEvent', 'eventPacketSent']
- returnFields:     {'eventId': 3, 'callbackId': 3, 'rc': 0}
2021-03-02 18:04:40,536 [App:DEBUG] notifClient._eventCallback eventPacketSent Tuple_eventPacketSent(eventId=3, callbackId=3, rc=0)
2021-03-02 18:04:41,907 [ByteArraySerializer:DEBUG] serialize ...
- commandArray:     ['sendData']
- fieldsToFill:     {'macAddress': (0, 23, 13, 0, 0, 50, 220, 97), 'srcPort': 61625, 'priority': 0, 'dstPort': 61625, 'data': [5, 0, 2, 255, 2, 3, 2, 0, 1, 0], 'options': 0}
2021-03-02 18:04:41,907 [ByteArraySerializer:DEBUG] ... serialize into
- cmdId:            44
- byteArray:        00-17-0d-00-00-32-dc-61-00-f0-b9-f0-b9-00-05-00-02-ff-02-03-02-00-01-00
2021-03-02 18:04:41,907 [SerialConnector:DEBUG] _sendInternal cmdId=44 retry=0 isResponse=False serializedFields=[0, 23, 13, 0, 0, 50, 220, 97, 0, 240, 185, 240, 185, 0, 5, 0, 2, 255, 2, 3, 2, 0, 1, 0]
2021-03-02 18:04:41,907 [SerialConnector:DEBUG] ---------- pcToMote DATA (11) ---------->
2021-03-02 18:04:41,907 [Crc:DEBUG] calculating for data=02-2c-0b-18-00-17-0d-00-00-32-dc-61-00-f0-b9-f0-b9-00-05-00-02-ff-02-03-02-00-01-00
2021-03-02 18:04:41,907 [Crc:DEBUG] fcs=0x3f4c
2021-03-02 18:04:41,907 [Hdlc:DEBUG] 
packetToSend:
 - payload: 02 2c 0b 18 00 17 0d 00 00 32 dc 61 00 f0 b9 f0 b9 00 05 00 02 ff 02 03 02 00 01 00
 - fcs:     3f 4c
 - valid:   True
2021-03-02 18:04:41,914 [Crc:DEBUG] calculating for data=03-2c-0b-05-00-00-00-00-04
2021-03-02 18:04:41,914 [Crc:DEBUG] fcs=0x53ce
2021-03-02 18:04:41,914 [Hdlc:DEBUG] 
receivedFrame:
 - payload: 03 2c 0b 05 00 00 00 00 04
 - fcs:     53 ce
 - valid:   True
2021-03-02 18:04:41,914 [SerialConnector:DEBUG] cmdId=44 length=5 isResponse=True packetId=11 payload=[0, 0, 0, 0, 4]
2021-03-02 18:04:41,914 [SerialConnector:DEBUG] <--------- pcToMote ACK (11) after 0.008 --------
2021-03-02 18:04:41,914 [SerialConnector:DEBUG] no ack needed
2021-03-02 18:04:41,914 [ByteArraySerializer:DEBUG] deserialize ...
- type:             command
- id:               44
- byteArray:        00-00-00-00-04
2021-03-02 18:04:41,915 [ByteArraySerializer:DEBUG] ... deserialized into
- nameArray:        ['sendData']
- returnFields:     {'callbackId': 4, 'RC': 0}
2021-03-02 18:04:41,921 [Crc:DEBUG] calculating for data=02-14-04-0b-01-00-00-00-04-0c-00-00-00-04-00
2021-03-02 18:04:41,921 [Crc:DEBUG] fcs=0x727e
2021-03-02 18:04:41,921 [Hdlc:DEBUG] 
receivedFrame:
 - payload: 02 14 04 0b 01 00 00 00 04 0c 00 00 00 04 00
 - fcs:     72 7e
 - valid:   True
2021-03-02 18:04:41,921 [SerialConnector:DEBUG] cmdId=20 length=11 isResponse=False packetId=4 payload=[1, 0, 0, 0, 4, 12, 0, 0, 0, 4, 0]
2021-03-02 18:04:41,921 [SerialConnector:DEBUG] <--------- moteToPc DATA (4) ----------
2021-03-02 18:04:41,921 [SerialConnector:DEBUG] _sendInternal cmdId=20 retry=0 isResponse=True serializedFields=[0]
2021-03-02 18:04:41,921 [Crc:DEBUG] calculating for data=03-14-04-01-00
2021-03-02 18:04:41,921 [Crc:DEBUG] fcs=0x4f19
2021-03-02 18:04:41,921 [Hdlc:DEBUG] 
packetToSend:
 - payload: 03 14 04 01 00
 - fcs:     4f 19
 - valid:   True
2021-03-02 18:04:41,923 [SerialConnector:DEBUG] ---------- moteToPc ACK (4) after 0.001 ------->
2021-03-02 18:04:41,923 [SerialConnector:DEBUG] ack sent
2021-03-02 18:04:41,923 [ByteArraySerializer:DEBUG] deserialize ...
- type:             notification
- id:               20
- byteArray:        01-00-00-00-04-0c-00-00-00-04-00
2021-03-02 18:04:41,923 [ByteArraySerializer:DEBUG] ... deserialized into
- nameArray:        ['notification', 'notifEvent', 'eventPacketSent']
- returnFields:     {'eventId': 4, 'callbackId': 4, 'rc': 0}
2021-03-02 18:04:41,923 [App:DEBUG] notifClient._eventCallback eventPacketSent Tuple_eventPacketSent(eventId=4, callbackId=4, rc=0)
2021-03-02 18:04:42,496 [Crc:DEBUG] calculating for data=00-14-00-21-04-00-00-00-00-3d-22-85-5b-00-0c-f5-62-00-17-0d-00-00-32-dc-61-f0-b9-f0-b9-07-10-02-00-ff-02-03-02
2021-03-02 18:04:42,496 [Crc:DEBUG] fcs=0xb83f
2021-03-02 18:04:42,496 [Hdlc:DEBUG] 
receivedFrame:
 - payload: 00 14 00 21 04 00 00 00 00 3d 22 85 5b 00 0c f5 62 00 17 0d 00 00 32 dc 61 f0 b9 f0 b9 07 10 02 00 ff 02 03 02
 - fcs:     b8 3f
 - valid:   True
2021-03-02 18:04:42,496 [SerialConnector:DEBUG] cmdId=20 length=33 isResponse=False packetId=0 payload=[4, 0, 0, 0, 0, 61, 34, 133, 91, 0, 12, 245, 98, 0, 23, 13, 0, 0, 50, 220, 97, 240, 185, 240, 185, 7, 16, 2, 0, 255, 2, 3, 2]
2021-03-02 18:04:42,496 [SerialConnector:DEBUG] <--------- moteToPc DATA (0) ----------
2021-03-02 18:04:42,496 [SerialConnector:DEBUG] no ack needed
2021-03-02 18:04:42,496 [ByteArraySerializer:DEBUG] deserialize ...
- type:             notification
- id:               20
- byteArray:        04-00-00-00-00-3d-22-85-5b-00-0c-f5-62-00-17-0d-00-00-32-dc-61-f0-b9-f0-b9-07-10-02-00-ff-02-03-02
2021-03-02 18:04:42,497 [ByteArraySerializer:DEBUG] ... deserialized into
- nameArray:        ['notification', 'notifData']
- returnFields:     {'macAddress': [0, 23, 13, 0, 0, 50, 220, 97], 'srcPort': 61625, 'utcUsecs': 849250, 'utcSecs': 1025672539L, 'dstPort': 61625, 'data': [7, 16, 2, 0, 255, 2, 3, 2]}
2021-03-02 18:04:42,497 [App:DEBUG] notifClient._dataCallback notifData:
Tuple_notifData:
             utcSecs: 1025672539
            utcUsecs: 849250
          macAddress: 00-17-0d-00-00-32-dc-61
             srcPort: 61625
             dstPort: 61625
                data: 07-10-02-00-ff-02-03-02
2021-03-02 18:04:45,621 [Crc:DEBUG] calculating for data=00-14-00-21-04-00-00-00-00-3d-22-85-5d-00-0c-88-02-00-17-0d-00-00-32-dc-61-f0-b9-f0-b9-07-20-02-00-ff-02-03-02
2021-03-02 18:04:45,621 [Crc:DEBUG] fcs=0x21aa
2021-03-02 18:04:45,621 [Hdlc:DEBUG] 
receivedFrame:
 - payload: 00 14 00 21 04 00 00 00 00 3d 22 85 5d 00 0c 88 02 00 17 0d 00 00 32 dc 61 f0 b9 f0 b9 07 20 02 00 ff 02 03 02
 - fcs:     21 aa
 - valid:   True
2021-03-02 18:04:45,621 [SerialConnector:DEBUG] cmdId=20 length=33 isResponse=False packetId=0 payload=[4, 0, 0, 0, 0, 61, 34, 133, 93, 0, 12, 136, 2, 0, 23, 13, 0, 0, 50, 220, 97, 240, 185, 240, 185, 7, 32, 2, 0, 255, 2, 3, 2]
2021-03-02 18:04:45,621 [SerialConnector:DEBUG] <--------- moteToPc DATA (0) ----------
2021-03-02 18:04:45,621 [SerialConnector:DEBUG] no ack needed
2021-03-02 18:04:45,621 [ByteArraySerializer:DEBUG] deserialize ...
- type:             notification
- id:               20
- byteArray:        04-00-00-00-00-3d-22-85-5d-00-0c-88-02-00-17-0d-00-00-32-dc-61-f0-b9-f0-b9-07-20-02-00-ff-02-03-02
2021-03-02 18:04:45,621 [ByteArraySerializer:DEBUG] ... deserialized into
- nameArray:        ['notification', 'notifData']
- returnFields:     {'macAddress': [0, 23, 13, 0, 0, 50, 220, 97], 'srcPort': 61625, 'utcUsecs': 821250, 'utcSecs': 1025672541L, 'dstPort': 61625, 'data': [7, 32, 2, 0, 255, 2, 3, 2]}
2021-03-02 18:04:45,621 [App:DEBUG] notifClient._dataCallback notifData:
Tuple_notifData:
             utcSecs: 1025672541
            utcUsecs: 821250
          macAddress: 00-17-0d-00-00-32-dc-61
             srcPort: 61625
             dstPort: 61625
                data: 07-20-02-00-ff-02-03-02
2021-03-02 18:04:47,140 [ByteArraySerializer:DEBUG] serialize ...
- commandArray:     ['getTime']
- fieldsToFill:     {}
2021-03-02 18:04:47,140 [ByteArraySerializer:DEBUG] ... serialize into
- cmdId:            23
- byteArray:        
2021-03-02 18:04:47,140 [SerialConnector:DEBUG] _sendInternal cmdId=23 retry=0 isResponse=False serializedFields=[]
2021-03-02 18:04:47,140 [SerialConnector:DEBUG] ---------- pcToMote DATA (12) ---------->
2021-03-02 18:04:47,140 [Crc:DEBUG] calculating for data=02-17-0c-00
2021-03-02 18:04:47,140 [Crc:DEBUG] fcs=0x9865
2021-03-02 18:04:47,141 [Hdlc:DEBUG] 
packetToSend:
 - payload: 02 17 0c 00
 - fcs:     98 65
 - valid:   True
2021-03-02 18:04:47,147 [Crc:DEBUG] calculating for data=03-17-0c-18-00-00-00-1c-b2-00-00-00-00-3d-22-85-61-00-0c-2e-e9-00-00-0f-75-dd-10-5f
2021-03-02 18:04:47,147 [Crc:DEBUG] fcs=0x80db
2021-03-02 18:04:47,147 [Hdlc:DEBUG] 
receivedFrame:
 - payload: 03 17 0c 18 00 00 00 1c b2 00 00 00 00 3d 22 85 61 00 0c 2e e9 00 00 0f 75 dd 10 5f
 - fcs:     80 db
 - valid:   True
2021-03-02 18:04:47,148 [SerialConnector:DEBUG] cmdId=23 length=24 isResponse=True packetId=12 payload=[0, 0, 0, 28, 178, 0, 0, 0, 0, 61, 34, 133, 97, 0, 12, 46, 233, 0, 0, 15, 117, 221, 16, 95]
2021-03-02 18:04:47,148 [SerialConnector:DEBUG] <--------- pcToMote ACK (12) after 0.008 --------
2021-03-02 18:04:47,148 [SerialConnector:DEBUG] no ack needed
2021-03-02 18:04:47,148 [ByteArraySerializer:DEBUG] deserialize ...
- type:             command
- id:               23
- byteArray:        00-00-00-1c-b2-00-00-00-00-3d-22-85-61-00-0c-2e-e9-00-00-0f-75-dd-10-5f
2021-03-02 18:04:47,148 [ByteArraySerializer:DEBUG] ... deserialized into
- nameArray:        ['getTime']
- returnFields:     {'uptime': 7346, 'utcUsecs': 798441, 'utcSecs': 1025672545L, 'asnOffset': 4191, 'RC': 0, 'asn': [0, 0, 15, 117, 221]}
2021-03-02 18:04:47,155 [LatencyCalculator:INFO] Acquired time: lockNetworkTime=1025672545.8 lockPcTime=1614737087.14
2021-03-02 18:04:51,539 [Crc:DEBUG] calculating for data=00-14-00-34-04-00-00-00-00-3d-22-85-65-00-0a-44-e8-00-17-0d-00-00-32-23-d3-f0-b9-f0-b9-00-02-05-00-ff-01-05-00-00-00-00-3d-22-85-65-00-0a-4f-f8-00-00-75-30-01-10-08-7f
2021-03-02 18:04:51,539 [Crc:DEBUG] fcs=0x77 b
2021-03-02 18:04:51,539 [Hdlc:DEBUG] 
receivedFrame:
 - payload: 00 14 00 34 04 00 00 00 00 3d 22 85 65 00 0a 44 e8 00 17 0d 00 00 32 23 d3 f0 b9 f0 b9 00 02 05 00 ff 01 05 00 00 00 00 3d 22 85 65 00 0a 4f f8 00 00 75 30 01 10 08 7f
 - fcs:     77 0b
 - valid:   True
2021-03-02 18:04:51,539 [SerialConnector:DEBUG] cmdId=20 length=52 isResponse=False packetId=0 payload=[4, 0, 0, 0, 0, 61, 34, 133, 101, 0, 10, 68, 232, 0, 23, 13, 0, 0, 50, 35, 211, 240, 185, 240, 185, 0, 2, 5, 0, 255, 1, 5, 0, 0, 0, 0, 61, 34, 133, 101, 0, 10, 79, 248, 0, 0, 117, 48, 1, 16, 8, 127]
2021-03-02 18:04:51,540 [SerialConnector:DEBUG] <--------- moteToPc DATA (0) ----------
2021-03-02 18:04:51,540 [SerialConnector:DEBUG] no ack needed
2021-03-02 18:04:51,540 [ByteArraySerializer:DEBUG] deserialize ...
- type:             notification
- id:               20
- byteArray:        04-00-00-00-00-3d-22-85-65-00-0a-44-e8-00-17-0d-00-00-32-23-d3-f0-b9-f0-b9-00-02-05-00-ff-01-05-00-00-00-00-3d-22-85-65-00-0a-4f-f8-00-00-75-30-01-10-08-7f
2021-03-02 18:04:51,540 [ByteArraySerializer:DEBUG] ... deserialized into
- nameArray:        ['notification', 'notifData']
- returnFields:     {'macAddress': [0, 23, 13, 0, 0, 50, 35, 211], 'srcPort': 61625, 'utcUsecs': 673000, 'utcSecs': 1025672549L, 'dstPort': 61625, 'data': [0, 2, 5, 0, 255, 1, 5, 0, 0, 0, 0, 61, 34, 133, 101, 0, 10, 79, 248, 0, 0, 117, 48, 1, 16, 8, 127]}
2021-03-02 18:04:51,540 [App:DEBUG] notifClient._dataCallback notifData:
Tuple_notifData:
             utcSecs: 1025672549
            utcUsecs: 673000
          macAddress: 00-17-0d-00-00-32-23-d3
             srcPort: 61625
             dstPort: 61625
                data: 00-02-05-00-ff-01-05-00-00-00-00-3d-22-85-65-00-0a-4f-f8-00-00-75-30-01-10-08-7f
2021-03-02 18:04:56,411 [Crc:DEBUG] calculating for data=00-14-00-34-04-00-00-00-00-3d-22-85-68-00-06-f9-28-00-17-0d-00-00-32-dc-61-f0-b9-f0-b9-00-02-05-00-ff-01-05-00-00-00-00-3d-22-85-68-00-06-fc-54-00-00-75-30-01-10-07-dc
2021-03-02 18:04:56,411 [Crc:DEBUG] fcs=0x4531
2021-03-02 18:04:56,411 [Hdlc:DEBUG] 
receivedFrame:
 - payload: 00 14 00 34 04 00 00 00 00 3d 22 85 68 00 06 f9 28 00 17 0d 00 00 32 dc 61 f0 b9 f0 b9 00 02 05 00 ff 01 05 00 00 00 00 3d 22 85 68 00 06 fc 54 00 00 75 30 01 10 07 dc
 - fcs:     45 31
 - valid:   True
2021-03-02 18:04:56,411 [SerialConnector:DEBUG] cmdId=20 length=52 isResponse=False packetId=0 payload=[4, 0, 0, 0, 0, 61, 34, 133, 104, 0, 6, 249, 40, 0, 23, 13, 0, 0, 50, 220, 97, 240, 185, 240, 185, 0, 2, 5, 0, 255, 1, 5, 0, 0, 0, 0, 61, 34, 133, 104, 0, 6, 252, 84, 0, 0, 117, 48, 1, 16, 7, 220]
2021-03-02 18:04:56,411 [SerialConnector:DEBUG] <--------- moteToPc DATA (0) ----------
2021-03-02 18:04:56,411 [SerialConnector:DEBUG] no ack needed
2021-03-02 18:04:56,411 [ByteArraySerializer:DEBUG] deserialize ...
- type:             notification
- id:               20
- byteArray:        04-00-00-00-00-3d-22-85-68-00-06-f9-28-00-17-0d-00-00-32-dc-61-f0-b9-f0-b9-00-02-05-00-ff-01-05-00-00-00-00-3d-22-85-68-00-06-fc-54-00-00-75-30-01-10-07-dc
2021-03-02 18:04:56,411 [ByteArraySerializer:DEBUG] ... deserialized into
- nameArray:        ['notification', 'notifData']
- returnFields:     {'macAddress': [0, 23, 13, 0, 0, 50, 220, 97], 'srcPort': 61625, 'utcUsecs': 457000, 'utcSecs': 1025672552L, 'dstPort': 61625, 'data': [0, 2, 5, 0, 255, 1, 5, 0, 0, 0, 0, 61, 34, 133, 104, 0, 6, 252, 84, 0, 0, 117, 48, 1, 16, 7, 220]}
2021-03-02 18:04:56,413 [App:DEBUG] notifClient._dataCallback notifData:
Tuple_notifData:
             utcSecs: 1025672552
            utcUsecs: 457000
          macAddress: 00-17-0d-00-00-32-dc-61
             srcPort: 61625
             dstPort: 61625
                data: 00-02-05-00-ff-01-05-00-00-00-00-3d-22-85-68-00-06-fc-54-00-00-75-30-01-10-07-dc
2021-03-02 18:04:57,230 [ByteArraySerializer:DEBUG] serialize ...
- commandArray:     ['getTime']
- fieldsToFill:     {}
2021-03-02 18:04:57,230 [ByteArraySerializer:DEBUG] ... serialize into
- cmdId:            23
- byteArray:        
2021-03-02 18:04:57,230 [SerialConnector:DEBUG] _sendInternal cmdId=23 retry=0 isResponse=False serializedFields=[]
2021-03-02 18:04:57,230 [SerialConnector:DEBUG] ---------- pcToMote DATA (13) ---------->
2021-03-02 18:04:57,230 [Crc:DEBUG] calculating for data=02-17-0d-00
2021-03-02 18:04:57,230 [Crc:DEBUG] fcs=0x407c
2021-03-02 18:04:57,230 [Hdlc:DEBUG] 
packetToSend:
 - payload: 02 17 0d 00
 - fcs:     40 7c
 - valid:   True
2021-03-02 18:04:57,236 [Crc:DEBUG] calculating for data=03-17-0d-18-00-00-00-1c-bc-00-00-00-00-3d-22-85-6b-00-0d-94-09-00-00-0f-7b-4d-0e-1f
2021-03-02 18:04:57,236 [Crc:DEBUG] fcs=0xb771
2021-03-02 18:04:57,236 [Hdlc:DEBUG] 
receivedFrame:
 - payload: 03 17 0d 18 00 00 00 1c bc 00 00 00 00 3d 22 85 6b 00 0d 94 09 00 00 0f 7b 4d 0e 1f
 - fcs:     b7 71
 - valid:   True
2021-03-02 18:04:57,236 [SerialConnector:DEBUG] cmdId=23 length=24 isResponse=True packetId=13 payload=[0, 0, 0, 28, 188, 0, 0, 0, 0, 61, 34, 133, 107, 0, 13, 148, 9, 0, 0, 15, 123, 77, 14, 31]
2021-03-02 18:04:57,237 [SerialConnector:DEBUG] <--------- pcToMote ACK (13) after 0.007 --------
2021-03-02 18:04:57,237 [SerialConnector:DEBUG] no ack needed
2021-03-02 18:04:57,237 [ByteArraySerializer:DEBUG] deserialize ...
- type:             command
- id:               23
- byteArray:        00-00-00-1c-bc-00-00-00-00-3d-22-85-6b-00-0d-94-09-00-00-0f-7b-4d-0e-1f
2021-03-02 18:04:57,237 [ByteArraySerializer:DEBUG] ... deserialized into
- nameArray:        ['getTime']
- returnFields:     {'uptime': 7356, 'utcUsecs': 889865, 'utcSecs': 1025672555L, 'asnOffset': 3615, 'RC': 0, 'asn': [0, 0, 15, 123, 77]}
2021-03-02 18:04:57,246 [LatencyCalculator:INFO] Acquired time: lockNetworkTime=1025672555.89 lockPcTime=1614737097.23
2021-03-02 18:05:07,355 [ByteArraySerializer:DEBUG] serialize ...
- commandArray:     ['getTime']
- fieldsToFill:     {}
2021-03-02 18:05:07,355 [ByteArraySerializer:DEBUG] ... serialize into
- cmdId:            23
- byteArray:        
2021-03-02 18:05:07,355 [SerialConnector:DEBUG] _sendInternal cmdId=23 retry=0 isResponse=False serializedFields=[]
2021-03-02 18:05:07,355 [SerialConnector:DEBUG] ---------- pcToMote DATA (14) ---------->
2021-03-02 18:05:07,355 [Crc:DEBUG] calculating for data=02-17-0e-00
2021-03-02 18:05:07,355 [Crc:DEBUG] fcs=0x2856
2021-03-02 18:05:07,355 [Hdlc:DEBUG] 
packetToSend:
 - payload: 02 17 0e 00
 - fcs:     28 56
 - valid:   True
2021-03-02 18:05:07,359 [Crc:DEBUG] calculating for data=03-17-0e-18-00-00-00-1c-c7-00-00-00-00-3d-22-85-76-00-00-32-88-00-00-0f-80-c1-16-36
2021-03-02 18:05:07,361 [Crc:DEBUG] fcs=0xa1 b
2021-03-02 18:05:07,361 [Hdlc:DEBUG] 
receivedFrame:
 - payload: 03 17 0e 18 00 00 00 1c c7 00 00 00 00 3d 22 85 76 00 00 32 88 00 00 0f 80 c1 16 36
 - fcs:     a1 0b
 - valid:   True
2021-03-02 18:05:07,361 [SerialConnector:DEBUG] cmdId=23 length=24 isResponse=True packetId=14 payload=[0, 0, 0, 28, 199, 0, 0, 0, 0, 61, 34, 133, 118, 0, 0, 50, 136, 0, 0, 15, 128, 193, 22, 54]
2021-03-02 18:05:07,361 [SerialConnector:DEBUG] <--------- pcToMote ACK (14) after 0.006 --------
2021-03-02 18:05:07,361 [SerialConnector:DEBUG] no ack needed
2021-03-02 18:05:07,361 [ByteArraySerializer:DEBUG] deserialize ...
- type:             command
- id:               23
- byteArray:        00-00-00-1c-c7-00-00-00-00-3d-22-85-76-00-00-32-88-00-00-0f-80-c1-16-36
2021-03-02 18:05:07,361 [ByteArraySerializer:DEBUG] ... deserialized into
- nameArray:        ['getTime']
- returnFields:     {'uptime': 7367, 'utcUsecs': 12936, 'utcSecs': 1025672566L, 'asnOffset': 5686, 'RC': 0, 'asn': [0, 0, 15, 128, 193]}
2021-03-02 18:05:07,369 [LatencyCalculator:INFO] Acquired time: lockNetworkTime=1025672566.01 lockPcTime=1614737107.35
2021-03-02 18:05:17,463 [ByteArraySerializer:DEBUG] serialize ...
- commandArray:     ['getTime']
- fieldsToFill:     {}
2021-03-02 18:05:17,463 [ByteArraySerializer:DEBUG] ... serialize into
- cmdId:            23
- byteArray:        
2021-03-02 18:05:17,463 [SerialConnector:DEBUG] _sendInternal cmdId=23 retry=0 isResponse=False serializedFields=[]
2021-03-02 18:05:17,463 [SerialConnector:DEBUG] ---------- pcToMote DATA (15) ---------->
2021-03-02 18:05:17,463 [Crc:DEBUG] calculating for data=02-17-0f-00
2021-03-02 18:05:17,463 [Crc:DEBUG] fcs=0xf04f
2021-03-02 18:05:17,463 [Hdlc:DEBUG] 
packetToSend:
 - payload: 02 17 0f 00
 - fcs:     f0 4f
 - valid:   True
2021-03-02 18:05:17,470 [Crc:DEBUG] calculating for data=03-17-0f-18-00-00-00-1c-d1-00-00-00-00-3d-22-85-80-00-01-e2-29-00-00-0f-86-34-09-81
2021-03-02 18:05:17,470 [Crc:DEBUG] fcs=0x4b6c
2021-03-02 18:05:17,470 [Hdlc:DEBUG] 
receivedFrame:
 - payload: 03 17 0f 18 00 00 00 1c d1 00 00 00 00 3d 22 85 80 00 01 e2 29 00 00 0f 86 34 09 81
 - fcs:     4b 6c
 - valid:   True
2021-03-02 18:05:17,470 [SerialConnector:DEBUG] cmdId=23 length=24 isResponse=True packetId=15 payload=[0, 0, 0, 28, 209, 0, 0, 0, 0, 61, 34, 133, 128, 0, 1, 226, 41, 0, 0, 15, 134, 52, 9, 129]
2021-03-02 18:05:17,470 [SerialConnector:DEBUG] <--------- pcToMote ACK (15) after 0.007 --------
2021-03-02 18:05:17,470 [SerialConnector:DEBUG] no ack needed
2021-03-02 18:05:17,470 [ByteArraySerializer:DEBUG] deserialize ...
- type:             command
- id:               23
- byteArray:        00-00-00-1c-d1-00-00-00-00-3d-22-85-80-00-01-e2-29-00-00-0f-86-34-09-81
2021-03-02 18:05:17,471 [ByteArraySerializer:DEBUG] ... deserialized into
- nameArray:        ['getTime']
- returnFields:     {'uptime': 7377, 'utcUsecs': 123433, 'utcSecs': 1025672576L, 'asnOffset': 2433, 'RC': 0, 'asn': [0, 0, 15, 134, 52]}
2021-03-02 18:05:17,480 [LatencyCalculator:INFO] Acquired time: lockNetworkTime=1025672576.12 lockPcTime=1614737117.46
2021-03-02 18:05:21,118 [Crc:DEBUG] calculating for data=00-14-00-34-04-00-00-00-00-3d-22-85-83-00-0a-46-dc-00-17-0d-00-00-32-23-d3-f0-b9-f0-b9-00-02-05-00-ff-01-05-00-00-00-00-3d-22-85-83-00-0a-4f-bc-00-00-75-30-01-10-08-93
2021-03-02 18:05:21,118 [Crc:DEBUG] fcs=0xca6f
2021-03-02 18:05:21,119 [Hdlc:DEBUG] 
receivedFrame:
 - payload: 00 14 00 34 04 00 00 00 00 3d 22 85 83 00 0a 46 dc 00 17 0d 00 00 32 23 d3 f0 b9 f0 b9 00 02 05 00 ff 01 05 00 00 00 00 3d 22 85 83 00 0a 4f bc 00 00 75 30 01 10 08 93
 - fcs:     ca 6f
 - valid:   True
2021-03-02 18:05:21,119 [SerialConnector:DEBUG] cmdId=20 length=52 isResponse=False packetId=0 payload=[4, 0, 0, 0, 0, 61, 34, 133, 131, 0, 10, 70, 220, 0, 23, 13, 0, 0, 50, 35, 211, 240, 185, 240, 185, 0, 2, 5, 0, 255, 1, 5, 0, 0, 0, 0, 61, 34, 133, 131, 0, 10, 79, 188, 0, 0, 117, 48, 1, 16, 8, 147]
2021-03-02 18:05:21,119 [SerialConnector:DEBUG] <--------- moteToPc DATA (0) ----------
2021-03-02 18:05:21,119 [SerialConnector:DEBUG] no ack needed
2021-03-02 18:05:21,119 [ByteArraySerializer:DEBUG] deserialize ...
- type:             notification
- id:               20
- byteArray:        04-00-00-00-00-3d-22-85-83-00-0a-46-dc-00-17-0d-00-00-32-23-d3-f0-b9-f0-b9-00-02-05-00-ff-01-05-00-00-00-00-3d-22-85-83-00-0a-4f-bc-00-00-75-30-01-10-08-93
2021-03-02 18:05:21,119 [ByteArraySerializer:DEBUG] ... deserialized into
- nameArray:        ['notification', 'notifData']
- returnFields:     {'macAddress': [0, 23, 13, 0, 0, 50, 35, 211], 'srcPort': 61625, 'utcUsecs': 673500, 'utcSecs': 1025672579L, 'dstPort': 61625, 'data': [0, 2, 5, 0, 255, 1, 5, 0, 0, 0, 0, 61, 34, 133, 131, 0, 10, 79, 188, 0, 0, 117, 48, 1, 16, 8, 147]}
2021-03-02 18:05:21,119 [App:DEBUG] notifClient._dataCallback notifData:
Tuple_notifData:
             utcSecs: 1025672579
            utcUsecs: 673500
          macAddress: 00-17-0d-00-00-32-23-d3
             srcPort: 61625
             dstPort: 61625
                data: 00-02-05-00-ff-01-05-00-00-00-00-3d-22-85-83-00-0a-4f-bc-00-00-75-30-01-10-08-93
2021-03-02 18:05:23,911 [Crc:DEBUG] calculating for data=00-14-00-34-04-00-00-00-00-3d-22-85-86-00-06-fb-1c-00-17-0d-00-00-32-dc-61-f0-b9-f0-b9-00-02-05-00-ff-01-05-00-00-00-00-3d-22-85-86-00-06-fb-f6-00-00-75-30-01-10-07-f0
2021-03-02 18:05:23,911 [Crc:DEBUG] fcs=0x8729
2021-03-02 18:05:23,911 [Hdlc:DEBUG] 
receivedFrame:
 - payload: 00 14 00 34 04 00 00 00 00 3d 22 85 86 00 06 fb 1c 00 17 0d 00 00 32 dc 61 f0 b9 f0 b9 00 02 05 00 ff 01 05 00 00 00 00 3d 22 85 86 00 06 fb f6 00 00 75 30 01 10 07 f0
 - fcs:     87 29
 - valid:   True
2021-03-02 18:05:23,911 [SerialConnector:DEBUG] cmdId=20 length=52 isResponse=False packetId=0 payload=[4, 0, 0, 0, 0, 61, 34, 133, 134, 0, 6, 251, 28, 0, 23, 13, 0, 0, 50, 220, 97, 240, 185, 240, 185, 0, 2, 5, 0, 255, 1, 5, 0, 0, 0, 0, 61, 34, 133, 134, 0, 6, 251, 246, 0, 0, 117, 48, 1, 16, 7, 240]
2021-03-02 18:05:23,911 [SerialConnector:DEBUG] <--------- moteToPc DATA (0) ----------
2021-03-02 18:05:23,911 [SerialConnector:DEBUG] no ack needed
2021-03-02 18:05:23,911 [ByteArraySerializer:DEBUG] deserialize ...
- type:             notification
- id:               20
- byteArray:        04-00-00-00-00-3d-22-85-86-00-06-fb-1c-00-17-0d-00-00-32-dc-61-f0-b9-f0-b9-00-02-05-00-ff-01-05-00-00-00-00-3d-22-85-86-00-06-fb-f6-00-00-75-30-01-10-07-f0
2021-03-02 18:05:23,911 [ByteArraySerializer:DEBUG] ... deserialized into
- nameArray:        ['notification', 'notifData']
- returnFields:     {'macAddress': [0, 23, 13, 0, 0, 50, 220, 97], 'srcPort': 61625, 'utcUsecs': 457500, 'utcSecs': 1025672582L, 'dstPort': 61625, 'data': [0, 2, 5, 0, 255, 1, 5, 0, 0, 0, 0, 61, 34, 133, 134, 0, 6, 251, 246, 0, 0, 117, 48, 1, 16, 7, 240]}
2021-03-02 18:05:23,913 [App:DEBUG] notifClient._dataCallback notifData:
Tuple_notifData:
             utcSecs: 1025672582
            utcUsecs: 457500
          macAddress: 00-17-0d-00-00-32-dc-61
             srcPort: 61625
             dstPort: 61625
                data: 00-02-05-00-ff-01-05-00-00-00-00-3d-22-85-86-00-06-fb-f6-00-00-75-30-01-10-07-f0
2021-03-02 18:05:27,589 [ByteArraySerializer:DEBUG] serialize ...
- commandArray:     ['getTime']
- fieldsToFill:     {}
2021-03-02 18:05:27,589 [ByteArraySerializer:DEBUG] ... serialize into
- cmdId:            23
- byteArray:        
2021-03-02 18:05:27,589 [SerialConnector:DEBUG] _sendInternal cmdId=23 retry=0 isResponse=False serializedFields=[]
2021-03-02 18:05:27,589 [SerialConnector:DEBUG] ---------- pcToMote DATA (16) ---------->
2021-03-02 18:05:27,589 [Crc:DEBUG] calculating for data=02-17-10-00
2021-03-02 18:05:27,589 [Crc:DEBUG] fcs=0xa959
2021-03-02 18:05:27,589 [Hdlc:DEBUG] 
packetToSend:
 - payload: 02 17 10 00
 - fcs:     a9 59
 - valid:   True
2021-03-02 18:05:27,595 [Crc:DEBUG] calculating for data=03-17-10-18-00-00-00-1c-db-00-00-00-00-3d-22-85-8a-00-03-cb-5d-00-00-0f-8b-a8-1a-0d
2021-03-02 18:05:27,595 [Crc:DEBUG] fcs=0xe0d0
2021-03-02 18:05:27,596 [Hdlc:DEBUG] 
receivedFrame:
 - payload: 03 17 10 18 00 00 00 1c db 00 00 00 00 3d 22 85 8a 00 03 cb 5d 00 00 0f 8b a8 1a 0d
 - fcs:     e0 d0
 - valid:   True
2021-03-02 18:05:27,596 [SerialConnector:DEBUG] cmdId=23 length=24 isResponse=True packetId=16 payload=[0, 0, 0, 28, 219, 0, 0, 0, 0, 61, 34, 133, 138, 0, 3, 203, 93, 0, 0, 15, 139, 168, 26, 13]
2021-03-02 18:05:27,596 [SerialConnector:DEBUG] <--------- pcToMote ACK (16) after 0.007 --------
2021-03-02 18:05:27,596 [SerialConnector:DEBUG] no ack needed
2021-03-02 18:05:27,596 [ByteArraySerializer:DEBUG] deserialize ...
- type:             command
- id:               23
- byteArray:        00-00-00-1c-db-00-00-00-00-3d-22-85-8a-00-03-cb-5d-00-00-0f-8b-a8-1a-0d
2021-03-02 18:05:27,596 [ByteArraySerializer:DEBUG] ... deserialized into
- nameArray:        ['getTime']
- returnFields:     {'uptime': 7387, 'utcUsecs': 248669, 'utcSecs': 1025672586L, 'asnOffset': 6669, 'RC': 0, 'asn': [0, 0, 15, 139, 168]}
2021-03-02 18:05:27,605 [LatencyCalculator:INFO] Acquired time: lockNetworkTime=1025672586.25 lockPcTime=1614737127.59
2021-03-02 18:05:37,694 [ByteArraySerializer:DEBUG] serialize ...
- commandArray:     ['getTime']
- fieldsToFill:     {}
2021-03-02 18:05:37,703 [ByteArraySerializer:DEBUG] ... serialize into
- cmdId:            23
- byteArray:        
2021-03-02 18:05:37,703 [SerialConnector:DEBUG] _sendInternal cmdId=23 retry=0 isResponse=False serializedFields=[]
2021-03-02 18:05:37,703 [SerialConnector:DEBUG] ---------- pcToMote DATA (17) ---------->
2021-03-02 18:05:37,703 [Crc:DEBUG] calculating for data=02-17-11-00
2021-03-02 18:05:37,703 [Crc:DEBUG] fcs=0x7140
2021-03-02 18:05:37,703 [Hdlc:DEBUG] 
packetToSend:
 - payload: 02 17 11 00
 - fcs:     71 40
 - valid:   True
2021-03-02 18:05:37,710 [Crc:DEBUG] calculating for data=03-17-11-18-00-00-00-1c-e5-00-00-00-00-3d-22-85-94-00-05-89-8a-00-00-0f-91-1b-1b-e4
2021-03-02 18:05:37,710 [Crc:DEBUG] fcs=0x8f57
2021-03-02 18:05:37,710 [Hdlc:DEBUG] 
receivedFrame:
 - payload: 03 17 11 18 00 00 00 1c e5 00 00 00 00 3d 22 85 94 00 05 89 8a 00 00 0f 91 1b 1b e4
 - fcs:     8f 57
 - valid:   True
2021-03-02 18:05:37,711 [SerialConnector:DEBUG] cmdId=23 length=24 isResponse=True packetId=17 payload=[0, 0, 0, 28, 229, 0, 0, 0, 0, 61, 34, 133, 148, 0, 5, 137, 138, 0, 0, 15, 145, 27, 27, 228]
2021-03-02 18:05:37,711 [SerialConnector:DEBUG] <--------- pcToMote ACK (17) after 0.008 --------
2021-03-02 18:05:37,711 [SerialConnector:DEBUG] no ack needed
2021-03-02 18:05:37,711 [ByteArraySerializer:DEBUG] deserialize ...
- type:             command
- id:               23
- byteArray:        00-00-00-1c-e5-00-00-00-00-3d-22-85-94-00-05-89-8a-00-00-0f-91-1b-1b-e4
2021-03-02 18:05:37,711 [ByteArraySerializer:DEBUG] ... deserialized into
- nameArray:        ['getTime']
- returnFields:     {'uptime': 7397, 'utcUsecs': 362890, 'utcSecs': 1025672596L, 'asnOffset': 7140, 'RC': 0, 'asn': [0, 0, 15, 145, 27]}
2021-03-02 18:05:37,724 [LatencyCalculator:INFO] Acquired time: lockNetworkTime=1025672596.36 lockPcTime=1614737137.69
2021-03-02 18:05:47,822 [ByteArraySerializer:DEBUG] serialize ...
- commandArray:     ['getTime']
- fieldsToFill:     {}
2021-03-02 18:05:47,822 [ByteArraySerializer:DEBUG] ... serialize into
- cmdId:            23
- byteArray:        
2021-03-02 18:05:47,822 [SerialConnector:DEBUG] _sendInternal cmdId=23 retry=0 isResponse=False serializedFields=[]
2021-03-02 18:05:47,822 [SerialConnector:DEBUG] ---------- pcToMote DATA (18) ---------->
2021-03-02 18:05:47,822 [Crc:DEBUG] calculating for data=02-17-12-00
2021-03-02 18:05:47,822 [Crc:DEBUG] fcs=0x196a
2021-03-02 18:05:47,822 [Hdlc:DEBUG] 
packetToSend:
 - payload: 02 17 12 00
 - fcs:     19 6a
 - valid:   True
2021-03-02 18:05:47,828 [Crc:DEBUG] calculating for data=03-17-12-18-00-00-00-1c-ef-00-00-00-00-3d-22-85-9e-00-07-57-72-00-00-0f-96-8f-11-24
2021-03-02 18:05:47,828 [Crc:DEBUG] fcs=0x8bca
2021-03-02 18:05:47,828 [Hdlc:DEBUG] 
receivedFrame:
 - payload: 03 17 12 18 00 00 00 1c ef 00 00 00 00 3d 22 85 9e 00 07 57 72 00 00 0f 96 8f 11 24
 - fcs:     8b ca
 - valid:   True
2021-03-02 18:05:47,828 [SerialConnector:DEBUG] cmdId=23 length=24 isResponse=True packetId=18 payload=[0, 0, 0, 28, 239, 0, 0, 0, 0, 61, 34, 133, 158, 0, 7, 87, 114, 0, 0, 15, 150, 143, 17, 36]
2021-03-02 18:05:47,828 [SerialConnector:DEBUG] <--------- pcToMote ACK (18) after 0.007 --------
2021-03-02 18:05:47,828 [SerialConnector:DEBUG] no ack needed
2021-03-02 18:05:47,828 [ByteArraySerializer:DEBUG] deserialize ...
- type:             command
- id:               23
- byteArray:        00-00-00-1c-ef-00-00-00-00-3d-22-85-9e-00-07-57-72-00-00-0f-96-8f-11-24
2021-03-02 18:05:47,828 [ByteArraySerializer:DEBUG] ... deserialized into
- nameArray:        ['getTime']
- returnFields:     {'uptime': 7407, 'utcUsecs': 481138, 'utcSecs': 1025672606L, 'asnOffset': 4388, 'RC': 0, 'asn': [0, 0, 15, 150, 143]}
2021-03-02 18:05:47,838 [LatencyCalculator:INFO] Acquired time: lockNetworkTime=1025672606.48 lockPcTime=1614737147.82
2021-03-02 18:05:51,627 [Crc:DEBUG] calculating for data=00-14-00-34-04-00-00-00-00-3d-22-85-a1-00-0a-48-d0-00-17-0d-00-00-32-23-d3-f0-b9-f0-b9-00-02-05-00-ff-01-05-00-00-00-00-3d-22-85-a1-00-0a-4f-81-00-00-75-30-01-10-08-7f
2021-03-02 18:05:51,627 [Crc:DEBUG] fcs=0x47b9
2021-03-02 18:05:51,627 [Hdlc:DEBUG] 
receivedFrame:
 - payload: 00 14 00 34 04 00 00 00 00 3d 22 85 a1 00 0a 48 d0 00 17 0d 00 00 32 23 d3 f0 b9 f0 b9 00 02 05 00 ff 01 05 00 00 00 00 3d 22 85 a1 00 0a 4f 81 00 00 75 30 01 10 08 7f
 - fcs:     47 b9
 - valid:   True
2021-03-02 18:05:51,627 [SerialConnector:DEBUG] cmdId=20 length=52 isResponse=False packetId=0 payload=[4, 0, 0, 0, 0, 61, 34, 133, 161, 0, 10, 72, 208, 0, 23, 13, 0, 0, 50, 35, 211, 240, 185, 240, 185, 0, 2, 5, 0, 255, 1, 5, 0, 0, 0, 0, 61, 34, 133, 161, 0, 10, 79, 129, 0, 0, 117, 48, 1, 16, 8, 127]
2021-03-02 18:05:51,627 [SerialConnector:DEBUG] <--------- moteToPc DATA (0) ----------
2021-03-02 18:05:51,627 [SerialConnector:DEBUG] no ack needed
2021-03-02 18:05:51,627 [ByteArraySerializer:DEBUG] deserialize ...
- type:             notification
- id:               20
- byteArray:        04-00-00-00-00-3d-22-85-a1-00-0a-48-d0-00-17-0d-00-00-32-23-d3-f0-b9-f0-b9-00-02-05-00-ff-01-05-00-00-00-00-3d-22-85-a1-00-0a-4f-81-00-00-75-30-01-10-08-7f
2021-03-02 18:05:51,628 [ByteArraySerializer:DEBUG] ... deserialized into
- nameArray:        ['notification', 'notifData']
- returnFields:     {'macAddress': [0, 23, 13, 0, 0, 50, 35, 211], 'srcPort': 61625, 'utcUsecs': 674000, 'utcSecs': 1025672609L, 'dstPort': 61625, 'data': [0, 2, 5, 0, 255, 1, 5, 0, 0, 0, 0, 61, 34, 133, 161, 0, 10, 79, 129, 0, 0, 117, 48, 1, 16, 8, 127]}
2021-03-02 18:05:51,628 [App:DEBUG] notifClient._dataCallback notifData:
Tuple_notifData:
             utcSecs: 1025672609
            utcUsecs: 674000
          macAddress: 00-17-0d-00-00-32-23-d3
             srcPort: 61625
             dstPort: 61625
                data: 00-02-05-00-ff-01-05-00-00-00-00-3d-22-85-a1-00-0a-4f-81-00-00-75-30-01-10-08-7f
2021-03-02 18:05:54,644 [Crc:DEBUG] calculating for data=00-14-00-34-04-00-00-00-00-3d-22-85-a4-00-06-fd-10-00-17-0d-00-00-32-dc-61-f0-b9-f0-b9-00-02-05-00-ff-01-05-00-00-00-00-3d-22-85-a4-00-06-fb-dc-00-00-75-30-01-10-07-dc
2021-03-02 18:05:54,644 [Crc:DEBUG] fcs=0x8cf9
2021-03-02 18:05:54,644 [Hdlc:DEBUG] 
receivedFrame:
 - payload: 00 14 00 34 04 00 00 00 00 3d 22 85 a4 00 06 fd 10 00 17 0d 00 00 32 dc 61 f0 b9 f0 b9 00 02 05 00 ff 01 05 00 00 00 00 3d 22 85 a4 00 06 fb dc 00 00 75 30 01 10 07 dc
 - fcs:     8c f9
 - valid:   True
2021-03-02 18:05:54,644 [SerialConnector:DEBUG] cmdId=20 length=52 isResponse=False packetId=0 payload=[4, 0, 0, 0, 0, 61, 34, 133, 164, 0, 6, 253, 16, 0, 23, 13, 0, 0, 50, 220, 97, 240, 185, 240, 185, 0, 2, 5, 0, 255, 1, 5, 0, 0, 0, 0, 61, 34, 133, 164, 0, 6, 251, 220, 0, 0, 117, 48, 1, 16, 7, 220]
2021-03-02 18:05:54,644 [SerialConnector:DEBUG] <--------- moteToPc DATA (0) ----------
2021-03-02 18:05:54,644 [SerialConnector:DEBUG] no ack needed
2021-03-02 18:05:54,644 [ByteArraySerializer:DEBUG] deserialize ...
- type:             notification
- id:               20
- byteArray:        04-00-00-00-00-3d-22-85-a4-00-06-fd-10-00-17-0d-00-00-32-dc-61-f0-b9-f0-b9-00-02-05-00-ff-01-05-00-00-00-00-3d-22-85-a4-00-06-fb-dc-00-00-75-30-01-10-07-dc
2021-03-02 18:05:54,644 [ByteArraySerializer:DEBUG] ... deserialized into
- nameArray:        ['notification', 'notifData']
- returnFields:     {'macAddress': [0, 23, 13, 0, 0, 50, 220, 97], 'srcPort': 61625, 'utcUsecs': 458000, 'utcSecs': 1025672612L, 'dstPort': 61625, 'data': [0, 2, 5, 0, 255, 1, 5, 0, 0, 0, 0, 61, 34, 133, 164, 0, 6, 251, 220, 0, 0, 117, 48, 1, 16, 7, 220]}
2021-03-02 18:05:54,644 [App:DEBUG] notifClient._dataCallback notifData:
Tuple_notifData:
             utcSecs: 1025672612
            utcUsecs: 458000
          macAddress: 00-17-0d-00-00-32-dc-61
             srcPort: 61625
             dstPort: 61625
                data: 00-02-05-00-ff-01-05-00-00-00-00-3d-22-85-a4-00-06-fb-dc-00-00-75-30-01-10-07-dc
2021-03-02 18:05:57,937 [ByteArraySerializer:DEBUG] serialize ...
- commandArray:     ['getTime']
- fieldsToFill:     {}
2021-03-02 18:05:57,937 [ByteArraySerializer:DEBUG] ... serialize into
- cmdId:            23
- byteArray:        
2021-03-02 18:05:57,937 [SerialConnector:DEBUG] _sendInternal cmdId=23 retry=0 isResponse=False serializedFields=[]
2021-03-02 18:05:57,937 [SerialConnector:DEBUG] ---------- pcToMote DATA (19) ---------->
2021-03-02 18:05:57,937 [Crc:DEBUG] calculating for data=02-17-13-00
2021-03-02 18:05:57,937 [Crc:DEBUG] fcs=0xc173
2021-03-02 18:05:57,937 [Hdlc:DEBUG] 
packetToSend:
 - payload: 02 17 13 00
 - fcs:     c1 73
 - valid:   True
2021-03-02 18:05:57,944 [Crc:DEBUG] calculating for data=03-17-13-18-00-00-00-1c-f9-00-00-00-00-3d-22-85-a8-00-09-19-ac-00-00-0f-9c-02-17-08
2021-03-02 18:05:57,944 [Crc:DEBUG] fcs=0xbd99
2021-03-02 18:05:57,944 [Hdlc:DEBUG] 
receivedFrame:
 - payload: 03 17 13 18 00 00 00 1c f9 00 00 00 00 3d 22 85 a8 00 09 19 ac 00 00 0f 9c 02 17 08
 - fcs:     bd 99
 - valid:   True
2021-03-02 18:05:57,944 [SerialConnector:DEBUG] cmdId=23 length=24 isResponse=True packetId=19 payload=[0, 0, 0, 28, 249, 0, 0, 0, 0, 61, 34, 133, 168, 0, 9, 25, 172, 0, 0, 15, 156, 2, 23, 8]
2021-03-02 18:05:57,944 [SerialConnector:DEBUG] <--------- pcToMote ACK (19) after 0.007 --------
2021-03-02 18:05:57,944 [SerialConnector:DEBUG] no ack needed
2021-03-02 18:05:57,944 [ByteArraySerializer:DEBUG] deserialize ...
- type:             command
- id:               23
- byteArray:        00-00-00-1c-f9-00-00-00-00-3d-22-85-a8-00-09-19-ac-00-00-0f-9c-02-17-08
2021-03-02 18:05:57,944 [ByteArraySerializer:DEBUG] ... deserialized into
- nameArray:        ['getTime']
- returnFields:     {'uptime': 7417, 'utcUsecs': 596396, 'utcSecs': 1025672616L, 'asnOffset': 5896, 'RC': 0, 'asn': [0, 0, 15, 156, 2]}
2021-03-02 18:05:57,953 [LatencyCalculator:INFO] Acquired time: lockNetworkTime=1025672616.6 lockPcTime=1614737157.94
2021-03-02 18:05:58,476 [LatencyCalculator:WARNING] disconnect function called
2021-03-02 18:05:58,476 [Hdlc:INFO] disconnect
2021-03-02 18:05:58,476 [LatencyCalculator:WARNING] disconnect function called
2021-03-02 18:05:58,476 [SerialConnector:INFO] hdlc notification: connection state=False
2021-03-02 18:05:58,477 [Hdlc:INFO] thread ended
2021-06-02 14:58:44,299 [App:DEBUG] Starting TempMonitorGui
2021-06-02 14:58:55,983 [App:DEBUG] _apiFrameCb_apiLoaded
2021-06-02 14:59:00,881 [SerialConnector:INFO] creating object
2021-06-02 14:59:00,881 [Hdlc:INFO] Creating object
2021-06-02 14:59:00,881 [Hdlc:WARNING] could not open com18@115200baud, reason: could not open port com18: [Error 5] Access is denied.
2021-06-02 14:59:07,257 [SerialConnector:INFO] creating object
2021-06-02 14:59:07,257 [Hdlc:INFO] Creating object
2021-06-02 14:59:07,259 [Hdlc:WARNING] could not open com18@115200baud, reason: could not open port com18: [Error 5] Access is denied.
2021-06-02 14:59:07,727 [SerialConnector:INFO] creating object
2021-06-02 14:59:07,729 [Hdlc:INFO] Creating object
2021-06-02 14:59:07,729 [Hdlc:WARNING] could not open com18@115200baud, reason: could not open port com18: [Error 5] Access is denied.
2021-06-02 14:59:07,914 [SerialConnector:INFO] creating object
2021-06-02 14:59:07,914 [Hdlc:INFO] Creating object
2021-06-02 14:59:07,914 [Hdlc:WARNING] could not open com18@115200baud, reason: could not open port com18: [Error 5] Access is denied.
2021-06-02 14:59:08,038 [SerialConnector:INFO] creating object
2021-06-02 14:59:08,038 [Hdlc:INFO] Creating object
2021-06-02 14:59:08,039 [Hdlc:WARNING] could not open com18@115200baud, reason: could not open port com18: [Error 5] Access is denied.
