2021-03-19 12:15:28,168 [SerialConnector:INFO] creating object
2021-03-19 12:15:28,168 [Hdlc:INFO] Creating object
2021-03-19 12:15:28,187 [Hdlc:INFO] opened port COM9@115200baud
2021-03-19 12:15:28,187 [SerialConnector:INFO] hdlc notification: connection state=True
2021-03-19 12:15:28,187 [Hdlc:INFO] thread started
2021-03-19 12:15:28,187 [ByteArraySerializer:DEBUG] serialize ...
- commandArray:     ['getParameter', 'moteInfo']
- fieldsToFill:     {}
2021-03-19 12:15:28,187 [ByteArraySerializer:DEBUG] ... serialize into
- cmdId:            2
- byteArray:        0c
2021-03-19 12:15:28,187 [SerialConnector:DEBUG] _sendInternal cmdId=2 retry=0 isResponse=False serializedFields=[12]
2021-03-19 12:15:28,187 [SerialConnector:DEBUG] ---------- pcToMote DATA (1) ---------->
2021-03-19 12:15:28,187 [Crc:DEBUG] calculating for data=02-01-0a-0c
2021-03-19 12:15:28,187 [Crc:DEBUG] fcs=0x68a8
2021-03-19 12:15:28,187 [Hdlc:DEBUG] 
packetToSend:
 - payload: 02 01 0a 0c
 - fcs:     68 a8
 - valid:   True
2021-03-19 12:15:28,697 [SerialConnector:INFO] retry 0
2021-03-19 12:15:28,697 [SerialConnector:DEBUG] _sendInternal cmdId=2 retry=1 isResponse=False serializedFields=[12]
2021-03-19 12:15:28,697 [SerialConnector:DEBUG] ---------- pcToMote DATA (1) ---------->
2021-03-19 12:15:28,697 [Crc:DEBUG] calculating for data=02-01-0a-0c
2021-03-19 12:15:28,697 [Crc:DEBUG] fcs=0x68a8
2021-03-19 12:15:28,697 [Hdlc:DEBUG] 
packetToSend:
 - payload: 02 01 0a 0c
 - fcs:     68 a8
 - valid:   True
2021-03-19 12:15:29,209 [SerialConnector:INFO] retry 1
2021-03-19 12:15:29,209 [SerialConnector:DEBUG] _sendInternal cmdId=2 retry=2 isResponse=False serializedFields=[12]
2021-03-19 12:15:29,209 [SerialConnector:DEBUG] ---------- pcToMote DATA (1) ---------->
2021-03-19 12:15:29,209 [Crc:DEBUG] calculating for data=02-01-0a-0c
2021-03-19 12:15:29,209 [Crc:DEBUG] fcs=0x68a8
2021-03-19 12:15:29,209 [Hdlc:DEBUG] 
packetToSend:
 - payload: 02 01 0a 0c
 - fcs:     68 a8
 - valid:   True
2021-03-19 12:15:29,584 [Crc:DEBUG] calculating for data=00-03-00-02-04-00
2021-03-19 12:15:29,584 [Crc:DEBUG] fcs=0x9b38
2021-03-19 12:15:29,584 [Hdlc:DEBUG] 
receivedFrame:
 - payload: 00 03 00 02 04 00
 - fcs:     9b 38
 - valid:   True
2021-03-19 12:15:29,584 [SerialConnector:DEBUG] cmdId=0 length=3 isResponse=False packetId=0 payload=[2, 4, 0]
2021-03-19 12:15:29,585 [SerialConnector:DEBUG] <--------- moteToPc DATA (0) ----------
2021-03-19 12:15:29,585 [SerialConnector:DEBUG] _sendInternal cmdId=0 retry=0 isResponse=True serializedFields=[]
2021-03-19 12:15:29,585 [Crc:DEBUG] calculating for data=00-00-01-00
2021-03-19 12:15:29,585 [Crc:DEBUG] fcs=0x 6e5
2021-03-19 12:15:29,585 [Hdlc:DEBUG] 
packetToSend:
 - payload: 00 00 01 00
 - fcs:     06 e5
 - valid:   True
2021-03-19 12:15:29,585 [SerialConnector:DEBUG] ---------- moteToPc ACK (0) after 0.000 ------->
2021-03-19 12:15:29,585 [SerialConnector:DEBUG] ack sent
2021-03-19 12:15:29,585 [Hdlc:ERROR] @Hdlc: Command does not exist: id=0
2021-03-19 12:15:29,720 [SerialConnector:INFO] retry 2
2021-03-19 12:15:29,720 [SerialConnector:DEBUG] _sendInternal cmdId=2 retry=3 isResponse=False serializedFields=[12]
2021-03-19 12:15:29,720 [SerialConnector:DEBUG] ---------- pcToMote DATA (1) ---------->
2021-03-19 12:15:29,720 [Crc:DEBUG] calculating for data=02-01-0a-0c
2021-03-19 12:15:29,720 [Crc:DEBUG] fcs=0x68a8
2021-03-19 12:15:29,720 [Hdlc:DEBUG] 
packetToSend:
 - payload: 02 01 0a 0c
 - fcs:     68 a8
 - valid:   True
2021-03-19 12:15:30,233 [SerialConnector:INFO] retry 3
2021-03-19 12:15:30,233 [SerialConnector:DEBUG] _sendInternal cmdId=2 retry=4 isResponse=False serializedFields=[12]
2021-03-19 12:15:30,233 [SerialConnector:DEBUG] ---------- pcToMote DATA (1) ---------->
2021-03-19 12:15:30,233 [Crc:DEBUG] calculating for data=02-01-0a-0c
2021-03-19 12:15:30,233 [Crc:DEBUG] fcs=0x68a8
2021-03-19 12:15:30,233 [Hdlc:DEBUG] 
packetToSend:
 - payload: 02 01 0a 0c
 - fcs:     68 a8
 - valid:   True
2021-03-19 12:15:30,743 [SerialConnector:INFO] retry 4
2021-03-19 12:15:30,743 [SerialConnector:DEBUG] _sendInternal cmdId=2 retry=5 isResponse=False serializedFields=[12]
2021-03-19 12:15:30,743 [SerialConnector:DEBUG] ---------- pcToMote DATA (1) ---------->
2021-03-19 12:15:30,743 [Crc:DEBUG] calculating for data=02-01-0a-0c
2021-03-19 12:15:30,743 [Crc:DEBUG] fcs=0x68a8
2021-03-19 12:15:30,743 [Hdlc:DEBUG] 
packetToSend:
 - payload: 02 01 0a 0c
 - fcs:     68 a8
 - valid:   True
2021-03-19 12:15:31,257 [SerialConnector:INFO] retry 5
2021-03-19 12:15:31,257 [SerialConnector:ERROR] retried 5 times, max allowed is 5
2021-03-19 12:15:31,257 [Hdlc:INFO] disconnect
2021-03-19 12:15:31,257 [SerialConnector:INFO] hdlc notification: connection state=False
2021-03-19 12:15:31,257 [Hdlc:INFO] thread ended
2021-03-19 12:15:31,302 [SerialConnector:INFO] creating object
2021-03-19 12:15:31,302 [Hdlc:INFO] Creating object
2021-03-19 12:15:31,302 [Hdlc:WARNING] could not open COM9@115200baud, reason: could not open port COM9: [Error 5] Access is denied.
2021-03-19 12:15:37,263 [SerialConnector:INFO] creating object
2021-03-19 12:15:37,263 [Hdlc:INFO] Creating object
2021-03-19 12:15:37,279 [Hdlc:INFO] opened port COM8@115200baud
2021-03-19 12:15:37,279 [SerialConnector:INFO] hdlc notification: connection state=True
2021-03-19 12:15:37,280 [Hdlc:INFO] thread started
2021-03-19 12:15:37,280 [ByteArraySerializer:DEBUG] serialize ...
- commandArray:     ['getParameter', 'moteInfo']
- fieldsToFill:     {}
2021-03-19 12:15:37,282 [ByteArraySerializer:DEBUG] ... serialize into
- cmdId:            2
- byteArray:        0c
2021-03-19 12:15:37,282 [SerialConnector:DEBUG] _sendInternal cmdId=2 retry=0 isResponse=False serializedFields=[12]
2021-03-19 12:15:37,282 [SerialConnector:DEBUG] ---------- pcToMote DATA (1) ---------->
2021-03-19 12:15:37,282 [Crc:DEBUG] calculating for data=02-01-0a-0c
2021-03-19 12:15:37,282 [Crc:DEBUG] fcs=0x68a8
2021-03-19 12:15:37,282 [Hdlc:DEBUG] 
packetToSend:
 - payload: 02 01 0a 0c
 - fcs:     68 a8
 - valid:   True
2021-03-19 12:15:37,795 [SerialConnector:INFO] retry 0
2021-03-19 12:15:37,795 [SerialConnector:DEBUG] _sendInternal cmdId=2 retry=1 isResponse=False serializedFields=[12]
2021-03-19 12:15:37,795 [SerialConnector:DEBUG] ---------- pcToMote DATA (1) ---------->
2021-03-19 12:15:37,795 [Crc:DEBUG] calculating for data=02-01-0a-0c
2021-03-19 12:15:37,795 [Crc:DEBUG] fcs=0x68a8
2021-03-19 12:15:37,795 [Hdlc:DEBUG] 
packetToSend:
 - payload: 02 01 0a 0c
 - fcs:     68 a8
 - valid:   True
2021-03-19 12:15:38,306 [SerialConnector:INFO] retry 1
2021-03-19 12:15:38,306 [SerialConnector:DEBUG] _sendInternal cmdId=2 retry=2 isResponse=False serializedFields=[12]
2021-03-19 12:15:38,306 [SerialConnector:DEBUG] ---------- pcToMote DATA (1) ---------->
2021-03-19 12:15:38,306 [Crc:DEBUG] calculating for data=02-01-0a-0c
2021-03-19 12:15:38,306 [Crc:DEBUG] fcs=0x68a8
2021-03-19 12:15:38,306 [Hdlc:DEBUG] 
packetToSend:
 - payload: 02 01 0a 0c
 - fcs:     68 a8
 - valid:   True
2021-03-19 12:15:38,818 [SerialConnector:INFO] retry 2
2021-03-19 12:15:38,818 [SerialConnector:DEBUG] _sendInternal cmdId=2 retry=3 isResponse=False serializedFields=[12]
2021-03-19 12:15:38,818 [SerialConnector:DEBUG] ---------- pcToMote DATA (1) ---------->
2021-03-19 12:15:38,818 [Crc:DEBUG] calculating for data=02-01-0a-0c
2021-03-19 12:15:38,818 [Crc:DEBUG] fcs=0x68a8
2021-03-19 12:15:38,818 [Hdlc:DEBUG] 
packetToSend:
 - payload: 02 01 0a 0c
 - fcs:     68 a8
 - valid:   True
2021-03-19 12:15:39,332 [SerialConnector:INFO] retry 3
2021-03-19 12:15:39,332 [SerialConnector:DEBUG] _sendInternal cmdId=2 retry=4 isResponse=False serializedFields=[12]
2021-03-19 12:15:39,332 [SerialConnector:DEBUG] ---------- pcToMote DATA (1) ---------->
2021-03-19 12:15:39,332 [Crc:DEBUG] calculating for data=02-01-0a-0c
2021-03-19 12:15:39,332 [Crc:DEBUG] fcs=0x68a8
2021-03-19 12:15:39,332 [Hdlc:DEBUG] 
packetToSend:
 - payload: 02 01 0a 0c
 - fcs:     68 a8
 - valid:   True
2021-03-19 12:15:39,844 [SerialConnector:INFO] retry 4
2021-03-19 12:15:39,844 [SerialConnector:DEBUG] _sendInternal cmdId=2 retry=5 isResponse=False serializedFields=[12]
2021-03-19 12:15:39,844 [SerialConnector:DEBUG] ---------- pcToMote DATA (1) ---------->
2021-03-19 12:15:39,844 [Crc:DEBUG] calculating for data=02-01-0a-0c
2021-03-19 12:15:39,844 [Crc:DEBUG] fcs=0x68a8
2021-03-19 12:15:39,844 [Hdlc:DEBUG] 
packetToSend:
 - payload: 02 01 0a 0c
 - fcs:     68 a8
 - valid:   True
2021-03-19 12:15:40,358 [SerialConnector:INFO] retry 5
2021-03-19 12:15:40,358 [SerialConnector:ERROR] retried 5 times, max allowed is 5
2021-03-19 12:15:40,358 [Hdlc:INFO] disconnect
2021-03-19 12:15:40,358 [SerialConnector:INFO] hdlc notification: connection state=False
2021-03-19 12:15:40,358 [Hdlc:INFO] thread ended
2021-03-19 12:15:56,956 [SerialConnector:INFO] creating object
2021-03-19 12:15:56,956 [Hdlc:INFO] Creating object
2021-03-19 12:15:56,973 [Hdlc:INFO] opened port COM6@115200baud
2021-03-19 12:15:56,973 [SerialConnector:INFO] hdlc notification: connection state=True
2021-03-19 12:15:56,973 [Hdlc:INFO] thread started
2021-03-19 12:15:56,973 [ByteArraySerializer:DEBUG] serialize ...
- commandArray:     ['getParameter', 'moteInfo']
- fieldsToFill:     {}
2021-03-19 12:15:56,974 [ByteArraySerializer:DEBUG] ... serialize into
- cmdId:            2
- byteArray:        0c
2021-03-19 12:15:56,974 [SerialConnector:DEBUG] _sendInternal cmdId=2 retry=0 isResponse=False serializedFields=[12]
2021-03-19 12:15:56,974 [SerialConnector:DEBUG] ---------- pcToMote DATA (1) ---------->
2021-03-19 12:15:56,974 [Crc:DEBUG] calculating for data=02-01-0a-0c
2021-03-19 12:15:56,974 [Crc:DEBUG] fcs=0x68a8
2021-03-19 12:15:56,974 [Hdlc:DEBUG] 
packetToSend:
 - payload: 02 01 0a 0c
 - fcs:     68 a8
 - valid:   True
2021-03-19 12:15:57,483 [SerialConnector:INFO] retry 0
2021-03-19 12:15:57,483 [SerialConnector:DEBUG] _sendInternal cmdId=2 retry=1 isResponse=False serializedFields=[12]
2021-03-19 12:15:57,483 [SerialConnector:DEBUG] ---------- pcToMote DATA (1) ---------->
2021-03-19 12:15:57,483 [Crc:DEBUG] calculating for data=02-01-0a-0c
2021-03-19 12:15:57,483 [Crc:DEBUG] fcs=0x68a8
2021-03-19 12:15:57,483 [Hdlc:DEBUG] 
packetToSend:
 - payload: 02 01 0a 0c
 - fcs:     68 a8
 - valid:   True
2021-03-19 12:15:57,996 [SerialConnector:INFO] retry 1
2021-03-19 12:15:57,996 [SerialConnector:DEBUG] _sendInternal cmdId=2 retry=2 isResponse=False serializedFields=[12]
2021-03-19 12:15:57,996 [SerialConnector:DEBUG] ---------- pcToMote DATA (1) ---------->
2021-03-19 12:15:57,996 [Crc:DEBUG] calculating for data=02-01-0a-0c
2021-03-19 12:15:57,996 [Crc:DEBUG] fcs=0x68a8
2021-03-19 12:15:57,996 [Hdlc:DEBUG] 
packetToSend:
 - payload: 02 01 0a 0c
 - fcs:     68 a8
 - valid:   True
2021-03-19 12:15:58,505 [SerialConnector:INFO] retry 2
2021-03-19 12:15:58,505 [SerialConnector:DEBUG] _sendInternal cmdId=2 retry=3 isResponse=False serializedFields=[12]
2021-03-19 12:15:58,505 [SerialConnector:DEBUG] ---------- pcToMote DATA (1) ---------->
2021-03-19 12:15:58,505 [Crc:DEBUG] calculating for data=02-01-0a-0c
2021-03-19 12:15:58,505 [Crc:DEBUG] fcs=0x68a8
2021-03-19 12:15:58,505 [Hdlc:DEBUG] 
packetToSend:
 - payload: 02 01 0a 0c
 - fcs:     68 a8
 - valid:   True
2021-03-19 12:15:59,019 [SerialConnector:INFO] retry 3
2021-03-19 12:15:59,019 [SerialConnector:DEBUG] _sendInternal cmdId=2 retry=4 isResponse=False serializedFields=[12]
2021-03-19 12:15:59,019 [SerialConnector:DEBUG] ---------- pcToMote DATA (1) ---------->
2021-03-19 12:15:59,019 [Crc:DEBUG] calculating for data=02-01-0a-0c
2021-03-19 12:15:59,019 [Crc:DEBUG] fcs=0x68a8
2021-03-19 12:15:59,019 [Hdlc:DEBUG] 
packetToSend:
 - payload: 02 01 0a 0c
 - fcs:     68 a8
 - valid:   True
2021-03-19 12:15:59,529 [SerialConnector:INFO] retry 4
2021-03-19 12:15:59,529 [SerialConnector:DEBUG] _sendInternal cmdId=2 retry=5 isResponse=False serializedFields=[12]
2021-03-19 12:15:59,529 [SerialConnector:DEBUG] ---------- pcToMote DATA (1) ---------->
2021-03-19 12:15:59,529 [Crc:DEBUG] calculating for data=02-01-0a-0c
2021-03-19 12:15:59,529 [Crc:DEBUG] fcs=0x68a8
2021-03-19 12:15:59,529 [Hdlc:DEBUG] 
packetToSend:
 - payload: 02 01 0a 0c
 - fcs:     68 a8
 - valid:   True
2021-03-19 12:16:00,039 [SerialConnector:INFO] retry 5
2021-03-19 12:16:00,039 [SerialConnector:ERROR] retried 5 times, max allowed is 5
2021-03-19 12:16:00,039 [Hdlc:INFO] disconnect
2021-03-19 12:16:00,039 [SerialConnector:INFO] hdlc notification: connection state=False
2021-03-19 12:16:00,040 [Hdlc:INFO] thread ended
2021-03-19 12:16:03,578 [SerialConnector:INFO] creating object
2021-03-19 12:16:03,578 [Hdlc:INFO] Creating object
2021-03-19 12:16:03,596 [Hdlc:INFO] opened port COM9@115200baud
2021-03-19 12:16:03,596 [SerialConnector:INFO] hdlc notification: connection state=True
2021-03-19 12:16:03,596 [Hdlc:INFO] thread started
2021-03-19 12:16:03,596 [ByteArraySerializer:DEBUG] serialize ...
- commandArray:     ['getParameter', 'moteInfo']
- fieldsToFill:     {}
2021-03-19 12:16:03,596 [ByteArraySerializer:DEBUG] ... serialize into
- cmdId:            2
- byteArray:        0c
2021-03-19 12:16:03,596 [SerialConnector:DEBUG] _sendInternal cmdId=2 retry=0 isResponse=False serializedFields=[12]
2021-03-19 12:16:03,598 [SerialConnector:DEBUG] ---------- pcToMote DATA (1) ---------->
2021-03-19 12:16:03,598 [Crc:DEBUG] calculating for data=02-01-0a-0c
2021-03-19 12:16:03,598 [Crc:DEBUG] fcs=0x68a8
2021-03-19 12:16:03,598 [Hdlc:DEBUG] 
packetToSend:
 - payload: 02 01 0a 0c
 - fcs:     68 a8
 - valid:   True
2021-03-19 12:16:04,108 [SerialConnector:INFO] retry 0
2021-03-19 12:16:04,108 [SerialConnector:DEBUG] _sendInternal cmdId=2 retry=1 isResponse=False serializedFields=[12]
2021-03-19 12:16:04,108 [SerialConnector:DEBUG] ---------- pcToMote DATA (1) ---------->
2021-03-19 12:16:04,108 [Crc:DEBUG] calculating for data=02-01-0a-0c
2021-03-19 12:16:04,108 [Crc:DEBUG] fcs=0x68a8
2021-03-19 12:16:04,108 [Hdlc:DEBUG] 
packetToSend:
 - payload: 02 01 0a 0c
 - fcs:     68 a8
 - valid:   True
2021-03-19 12:16:04,619 [SerialConnector:INFO] retry 1
2021-03-19 12:16:04,619 [SerialConnector:DEBUG] _sendInternal cmdId=2 retry=2 isResponse=False serializedFields=[12]
2021-03-19 12:16:04,619 [SerialConnector:DEBUG] ---------- pcToMote DATA (1) ---------->
2021-03-19 12:16:04,619 [Crc:DEBUG] calculating for data=02-01-0a-0c
2021-03-19 12:16:04,619 [Crc:DEBUG] fcs=0x68a8
2021-03-19 12:16:04,619 [Hdlc:DEBUG] 
packetToSend:
 - payload: 02 01 0a 0c
 - fcs:     68 a8
 - valid:   True
2021-03-19 12:16:05,131 [SerialConnector:INFO] retry 2
2021-03-19 12:16:05,131 [SerialConnector:DEBUG] _sendInternal cmdId=2 retry=3 isResponse=False serializedFields=[12]
2021-03-19 12:16:05,131 [SerialConnector:DEBUG] ---------- pcToMote DATA (1) ---------->
2021-03-19 12:16:05,131 [Crc:DEBUG] calculating for data=02-01-0a-0c
2021-03-19 12:16:05,131 [Crc:DEBUG] fcs=0x68a8
2021-03-19 12:16:05,131 [Hdlc:DEBUG] 
packetToSend:
 - payload: 02 01 0a 0c
 - fcs:     68 a8
 - valid:   True
2021-03-19 12:16:05,641 [SerialConnector:INFO] retry 3
2021-03-19 12:16:05,641 [SerialConnector:DEBUG] _sendInternal cmdId=2 retry=4 isResponse=False serializedFields=[12]
2021-03-19 12:16:05,641 [SerialConnector:DEBUG] ---------- pcToMote DATA (1) ---------->
2021-03-19 12:16:05,641 [Crc:DEBUG] calculating for data=02-01-0a-0c
2021-03-19 12:16:05,641 [Crc:DEBUG] fcs=0x68a8
2021-03-19 12:16:05,641 [Hdlc:DEBUG] 
packetToSend:
 - payload: 02 01 0a 0c
 - fcs:     68 a8
 - valid:   True
2021-03-19 12:16:06,148 [SerialConnector:INFO] retry 4
2021-03-19 12:16:06,148 [SerialConnector:DEBUG] _sendInternal cmdId=2 retry=5 isResponse=False serializedFields=[12]
2021-03-19 12:16:06,148 [SerialConnector:DEBUG] ---------- pcToMote DATA (1) ---------->
2021-03-19 12:16:06,148 [Crc:DEBUG] calculating for data=02-01-0a-0c
2021-03-19 12:16:06,148 [Crc:DEBUG] fcs=0x68a8
2021-03-19 12:16:06,148 [Hdlc:DEBUG] 
packetToSend:
 - payload: 02 01 0a 0c
 - fcs:     68 a8
 - valid:   True
2021-03-19 12:16:06,184 [Crc:DEBUG] calculating for data=00-03-00-02-04-00
2021-03-19 12:16:06,186 [Crc:DEBUG] fcs=0x9b38
2021-03-19 12:16:06,186 [Hdlc:DEBUG] 
receivedFrame:
 - payload: 00 03 00 02 04 00
 - fcs:     9b 38
 - valid:   True
2021-03-19 12:16:06,186 [SerialConnector:DEBUG] cmdId=0 length=3 isResponse=False packetId=0 payload=[2, 4, 0]
2021-03-19 12:16:06,186 [SerialConnector:DEBUG] <--------- moteToPc DATA (0) ----------
2021-03-19 12:16:06,186 [SerialConnector:DEBUG] _sendInternal cmdId=0 retry=0 isResponse=True serializedFields=[]
2021-03-19 12:16:06,186 [Crc:DEBUG] calculating for data=00-00-01-00
2021-03-19 12:16:06,186 [Crc:DEBUG] fcs=0x 6e5
2021-03-19 12:16:06,186 [Hdlc:DEBUG] 
packetToSend:
 - payload: 00 00 01 00
 - fcs:     06 e5
 - valid:   True
2021-03-19 12:16:06,186 [SerialConnector:DEBUG] ---------- moteToPc ACK (0) after 0.000 ------->
2021-03-19 12:16:06,186 [SerialConnector:DEBUG] ack sent
2021-03-19 12:16:06,187 [Hdlc:ERROR] @Hdlc: Command does not exist: id=0
2021-03-19 12:16:06,648 [SerialConnector:INFO] retry 5
2021-03-19 12:16:06,648 [SerialConnector:ERROR] retried 5 times, max allowed is 5
2021-03-19 12:16:06,648 [Hdlc:INFO] disconnect
2021-03-19 12:16:06,648 [SerialConnector:INFO] hdlc notification: connection state=False
2021-03-19 12:16:06,648 [Hdlc:INFO] thread ended
2021-03-19 12:16:06,653 [SerialConnector:INFO] creating object
2021-03-19 12:16:06,653 [Hdlc:INFO] Creating object
2021-03-19 12:16:06,654 [Hdlc:WARNING] could not open COM9@115200baud, reason: could not open port COM9: [Error 5] Access is denied.
2021-03-19 12:17:06,683 [SerialConnector:INFO] creating object
2021-03-19 12:17:06,684 [Hdlc:INFO] Creating object
2021-03-19 12:17:06,700 [Hdlc:INFO] opened port com9@115200baud
2021-03-19 12:17:06,700 [SerialConnector:INFO] hdlc notification: connection state=True
2021-03-19 12:17:06,700 [Hdlc:INFO] thread started
2021-03-19 12:17:06,700 [ByteArraySerializer:DEBUG] serialize ...
- commandArray:     ['hello']
- fieldsToFill:     {'cliSeqNo': 255, 'version': 4, 'mode': 0}
2021-03-19 12:17:06,701 [ByteArraySerializer:DEBUG] ... serialize into
- cmdId:            1
- byteArray:        04-ff-00
2021-03-19 12:17:06,701 [SerialConnector:DEBUG] _sendInternal cmdId=1 retry=0 isResponse=False serializedFields=[4, 255, 0]
2021-03-19 12:17:06,701 [SerialConnector:DEBUG] ---------- pcToMote DATA (0) ---------->
2021-03-19 12:17:06,701 [Crc:DEBUG] calculating for data=00-01-00-03-04-ff-00
2021-03-19 12:17:06,701 [Crc:DEBUG] fcs=0x3731
2021-03-19 12:17:06,701 [Hdlc:DEBUG] 
packetToSend:
 - payload: 00 01 00 03 04 ff 00
 - fcs:     37 31
 - valid:   True
2021-03-19 12:17:06,704 [Crc:DEBUG] calculating for data=00-02-00-05-00-04-00-ff-00
2021-03-19 12:17:06,704 [Crc:DEBUG] fcs=0x2323
2021-03-19 12:17:06,706 [Hdlc:DEBUG] 
receivedFrame:
 - payload: 00 02 00 05 00 04 00 ff 00
 - fcs:     23 23
 - valid:   True
2021-03-19 12:17:06,706 [SerialConnector:DEBUG] cmdId=2 length=5 isResponse=False packetId=0 payload=[0, 4, 0, 255, 0]
2021-03-19 12:17:06,706 [SerialConnector:DEBUG] <--------- moteToPc DATA (0) ----------
2021-03-19 12:17:06,706 [SerialConnector:DEBUG] no ack needed
2021-03-19 12:17:06,706 [ByteArraySerializer:DEBUG] deserialize ...
- type:             command
- id:               2
- byteArray:        00-04-00-ff-00
2021-03-19 12:17:06,706 [ByteArraySerializer:DEBUG] ... deserialized into
- nameArray:        ['hello_response']
- returnFields:     {'cliSeqNo': 255, 'version': 4, 'successCode': 0, 'mgrSeqNo': 0, 'mode': 0}
2021-03-19 12:19:41,739 [Hdlc:INFO] disconnect
2021-03-19 12:19:41,739 [SerialConnector:INFO] hdlc notification: connection state=False
2021-03-19 12:19:41,740 [Hdlc:INFO] thread ended
2021-03-19 12:41:29,670 [SerialConnector:INFO] creating object
2021-03-19 12:41:29,671 [Hdlc:INFO] Creating object
2021-03-19 12:41:29,687 [Hdlc:INFO] opened port com9@115200baud
2021-03-19 12:41:29,687 [SerialConnector:INFO] hdlc notification: connection state=True
2021-03-19 12:41:29,688 [Hdlc:INFO] thread started
2021-03-19 12:41:29,688 [ByteArraySerializer:DEBUG] serialize ...
- commandArray:     ['getParameter', 'moteInfo']
- fieldsToFill:     {}
2021-03-19 12:41:29,688 [ByteArraySerializer:DEBUG] ... serialize into
- cmdId:            2
- byteArray:        0c
2021-03-19 12:41:29,690 [SerialConnector:DEBUG] _sendInternal cmdId=2 retry=0 isResponse=False serializedFields=[12]
2021-03-19 12:41:29,690 [SerialConnector:DEBUG] ---------- pcToMote DATA (1) ---------->
2021-03-19 12:41:29,690 [Crc:DEBUG] calculating for data=02-01-0a-0c
2021-03-19 12:41:29,690 [Crc:DEBUG] fcs=0x68a8
2021-03-19 12:41:29,690 [Hdlc:DEBUG] 
packetToSend:
 - payload: 02 01 0a 0c
 - fcs:     68 a8
 - valid:   True
2021-03-19 12:41:30,196 [SerialConnector:INFO] retry 0
2021-03-19 12:41:30,196 [SerialConnector:DEBUG] _sendInternal cmdId=2 retry=1 isResponse=False serializedFields=[12]
2021-03-19 12:41:30,196 [SerialConnector:DEBUG] ---------- pcToMote DATA (1) ---------->
2021-03-19 12:41:30,196 [Crc:DEBUG] calculating for data=02-01-0a-0c
2021-03-19 12:41:30,196 [Crc:DEBUG] fcs=0x68a8
2021-03-19 12:41:30,196 [Hdlc:DEBUG] 
packetToSend:
 - payload: 02 01 0a 0c
 - fcs:     68 a8
 - valid:   True
2021-03-19 12:41:30,710 [SerialConnector:INFO] retry 1
2021-03-19 12:41:30,710 [SerialConnector:DEBUG] _sendInternal cmdId=2 retry=2 isResponse=False serializedFields=[12]
2021-03-19 12:41:30,710 [SerialConnector:DEBUG] ---------- pcToMote DATA (1) ---------->
2021-03-19 12:41:30,710 [Crc:DEBUG] calculating for data=02-01-0a-0c
2021-03-19 12:41:30,710 [Crc:DEBUG] fcs=0x68a8
2021-03-19 12:41:30,710 [Hdlc:DEBUG] 
packetToSend:
 - payload: 02 01 0a 0c
 - fcs:     68 a8
 - valid:   True
2021-03-19 12:41:31,223 [SerialConnector:INFO] retry 2
2021-03-19 12:41:31,223 [SerialConnector:DEBUG] _sendInternal cmdId=2 retry=3 isResponse=False serializedFields=[12]
2021-03-19 12:41:31,223 [SerialConnector:DEBUG] ---------- pcToMote DATA (1) ---------->
2021-03-19 12:41:31,223 [Crc:DEBUG] calculating for data=02-01-0a-0c
2021-03-19 12:41:31,223 [Crc:DEBUG] fcs=0x68a8
2021-03-19 12:41:31,223 [Hdlc:DEBUG] 
packetToSend:
 - payload: 02 01 0a 0c
 - fcs:     68 a8
 - valid:   True
2021-03-19 12:41:31,736 [SerialConnector:INFO] retry 3
2021-03-19 12:41:31,736 [SerialConnector:DEBUG] _sendInternal cmdId=2 retry=4 isResponse=False serializedFields=[12]
2021-03-19 12:41:31,736 [SerialConnector:DEBUG] ---------- pcToMote DATA (1) ---------->
2021-03-19 12:41:31,736 [Crc:DEBUG] calculating for data=02-01-0a-0c
2021-03-19 12:41:31,736 [Crc:DEBUG] fcs=0x68a8
2021-03-19 12:41:31,736 [Hdlc:DEBUG] 
packetToSend:
 - payload: 02 01 0a 0c
 - fcs:     68 a8
 - valid:   True
2021-03-19 12:41:32,239 [SerialConnector:INFO] retry 4
2021-03-19 12:41:32,239 [SerialConnector:DEBUG] _sendInternal cmdId=2 retry=5 isResponse=False serializedFields=[12]
2021-03-19 12:41:32,239 [SerialConnector:DEBUG] ---------- pcToMote DATA (1) ---------->
2021-03-19 12:41:32,239 [Crc:DEBUG] calculating for data=02-01-0a-0c
2021-03-19 12:41:32,239 [Crc:DEBUG] fcs=0x68a8
2021-03-19 12:41:32,239 [Hdlc:DEBUG] 
packetToSend:
 - payload: 02 01 0a 0c
 - fcs:     68 a8
 - valid:   True
2021-03-19 12:41:32,750 [SerialConnector:INFO] retry 5
2021-03-19 12:41:32,750 [SerialConnector:ERROR] retried 5 times, max allowed is 5
2021-03-19 12:41:32,750 [Hdlc:INFO] disconnect
2021-03-19 12:41:32,750 [SerialConnector:INFO] hdlc notification: connection state=False
2021-03-19 12:41:32,750 [Hdlc:INFO] thread ended
2021-03-19 12:41:32,796 [SerialConnector:INFO] creating object
2021-03-19 12:41:32,796 [Hdlc:INFO] Creating object
2021-03-19 12:41:32,796 [Hdlc:WARNING] could not open com9@115200baud, reason: could not open port com9: [Error 5] Access is denied.
2021-03-19 12:41:32,798 [SerialConnector:INFO] creating object
2021-03-19 12:41:32,799 [Hdlc:INFO] Creating object
2021-03-19 12:41:32,799 [Hdlc:WARNING] could not open com9@115200baud, reason: could not open port com9: [Error 5] Access is denied.
2021-03-19 12:41:47,601 [SerialConnector:INFO] creating object
2021-03-19 12:41:47,601 [Hdlc:INFO] Creating object
2021-03-19 12:41:47,618 [Hdlc:INFO] opened port com9@115200baud
2021-03-19 12:41:47,618 [SerialConnector:INFO] hdlc notification: connection state=True
2021-03-19 12:41:47,618 [Hdlc:INFO] thread started
2021-03-19 12:41:47,618 [ByteArraySerializer:DEBUG] serialize ...
- commandArray:     ['hello']
- fieldsToFill:     {'cliSeqNo': 255, 'version': 4, 'mode': 0}
2021-03-19 12:41:47,619 [ByteArraySerializer:DEBUG] ... serialize into
- cmdId:            1
- byteArray:        04-ff-00
2021-03-19 12:41:47,619 [SerialConnector:DEBUG] _sendInternal cmdId=1 retry=0 isResponse=False serializedFields=[4, 255, 0]
2021-03-19 12:41:47,619 [SerialConnector:DEBUG] ---------- pcToMote DATA (0) ---------->
2021-03-19 12:41:47,619 [Crc:DEBUG] calculating for data=00-01-00-03-04-ff-00
2021-03-19 12:41:47,619 [Crc:DEBUG] fcs=0x3731
2021-03-19 12:41:47,619 [Hdlc:DEBUG] 
packetToSend:
 - payload: 00 01 00 03 04 ff 00
 - fcs:     37 31
 - valid:   True
2021-03-19 12:41:47,622 [Crc:DEBUG] calculating for data=00-02-00-05-00-04-00-ff-00
2021-03-19 12:41:47,622 [Crc:DEBUG] fcs=0x2323
2021-03-19 12:41:47,622 [Hdlc:DEBUG] 
receivedFrame:
 - payload: 00 02 00 05 00 04 00 ff 00
 - fcs:     23 23
 - valid:   True
2021-03-19 12:41:47,622 [SerialConnector:DEBUG] cmdId=2 length=5 isResponse=False packetId=0 payload=[0, 4, 0, 255, 0]
2021-03-19 12:41:47,622 [SerialConnector:DEBUG] <--------- moteToPc DATA (0) ----------
2021-03-19 12:41:47,622 [SerialConnector:DEBUG] no ack needed
2021-03-19 12:41:47,622 [ByteArraySerializer:DEBUG] deserialize ...
- type:             command
- id:               2
- byteArray:        00-04-00-ff-00
2021-03-19 12:41:47,622 [ByteArraySerializer:DEBUG] ... deserialized into
- nameArray:        ['hello_response']
- returnFields:     {'cliSeqNo': 255, 'version': 4, 'successCode': 0, 'mgrSeqNo': 0, 'mode': 0}
2021-03-19 12:43:21,391 [ByteArraySerializer:DEBUG] serialize ...
- commandArray:     ['getRadiotestStatistics']
- fieldsToFill:     {}
2021-03-19 12:43:21,391 [ByteArraySerializer:DEBUG] ... serialize into
- cmdId:            38
- byteArray:        
2021-03-19 12:43:21,391 [SerialConnector:DEBUG] _sendInternal cmdId=38 retry=0 isResponse=False serializedFields=[]
2021-03-19 12:43:21,391 [SerialConnector:DEBUG] ---------- pcToMote DATA (0) ---------->
2021-03-19 12:43:21,391 [Crc:DEBUG] calculating for data=02-26-00-00
2021-03-19 12:43:21,391 [Crc:DEBUG] fcs=0x4a10
2021-03-19 12:43:21,391 [Hdlc:DEBUG] 
packetToSend:
 - payload: 02 26 00 00
 - fcs:     4a 10
 - valid:   True
2021-03-19 12:43:21,394 [Crc:DEBUG] calculating for data=03-26-00-01-01
2021-03-19 12:43:21,394 [Crc:DEBUG] fcs=0x231e
2021-03-19 12:43:21,394 [Hdlc:DEBUG] 
receivedFrame:
 - payload: 03 26 00 01 01
 - fcs:     23 1e
 - valid:   True
2021-03-19 12:43:21,394 [SerialConnector:DEBUG] cmdId=38 length=1 isResponse=True packetId=0 payload=[1]
2021-03-19 12:43:21,394 [SerialConnector:DEBUG] <--------- pcToMote ACK (0) after 0.004 --------
2021-03-19 12:43:21,394 [SerialConnector:DEBUG] no ack needed
2021-03-19 12:43:21,394 [ByteArraySerializer:DEBUG] deserialize ...
- type:             command
- id:               38
- byteArray:        01
2021-03-19 12:43:21,394 [ByteArraySerializer:DEBUG] ... deserialized into
- nameArray:        ['getRadiotestStatistics']
- returnFields:     {'RC': 1}
2021-03-19 12:43:21,407 [SerialConnector:WARNING] received RC=1 for command getRadiotestStatistics:
(RC_INVALID_COMMAND)
No radiotest was started
2021-03-19 12:43:32,687 [ByteArraySerializer:DEBUG] serialize ...
- commandArray:     ['startNetwork']
- fieldsToFill:     {}
2021-03-19 12:43:32,688 [ByteArraySerializer:DEBUG] ... serialize into
- cmdId:            45
- byteArray:        
2021-03-19 12:43:32,688 [SerialConnector:DEBUG] _sendInternal cmdId=45 retry=0 isResponse=False serializedFields=[]
2021-03-19 12:43:32,688 [SerialConnector:DEBUG] ---------- pcToMote DATA (1) ---------->
2021-03-19 12:43:32,688 [Crc:DEBUG] calculating for data=02-2d-01-00
2021-03-19 12:43:32,688 [Crc:DEBUG] fcs=0x3420
2021-03-19 12:43:32,688 [Hdlc:DEBUG] 
packetToSend:
 - payload: 02 2d 01 00
 - fcs:     34 20
 - valid:   True
2021-03-19 12:43:32,691 [Crc:DEBUG] calculating for data=03-2d-01-01-0d
2021-03-19 12:43:32,691 [Crc:DEBUG] fcs=0x864e
2021-03-19 12:43:32,691 [Hdlc:DEBUG] 
receivedFrame:
 - payload: 03 2d 01 01 0d
 - fcs:     86 4e
 - valid:   True
2021-03-19 12:43:32,691 [SerialConnector:DEBUG] cmdId=45 length=1 isResponse=True packetId=1 payload=[13]
2021-03-19 12:43:32,691 [SerialConnector:DEBUG] <--------- pcToMote ACK (1) after 0.003 --------
2021-03-19 12:43:32,691 [SerialConnector:DEBUG] no ack needed
2021-03-19 12:43:32,691 [ByteArraySerializer:DEBUG] deserialize ...
- type:             command
- id:               45
- byteArray:        0d
2021-03-19 12:43:32,691 [ByteArraySerializer:DEBUG] ... deserialized into
- nameArray:        ['startNetwork']
- returnFields:     {'RC': 13}
2021-03-19 12:43:32,703 [SerialConnector:WARNING] received RC=13 for command startNetwork:
(RC_IN_PROGRESS)
The network is already started
2021-03-19 12:43:55,884 [ByteArraySerializer:DEBUG] serialize ...
- commandArray:     ['getNetworkConfig']
- fieldsToFill:     {}
2021-03-19 12:43:55,884 [ByteArraySerializer:DEBUG] ... serialize into
- cmdId:            63
- byteArray:        
2021-03-19 12:43:55,884 [SerialConnector:DEBUG] _sendInternal cmdId=63 retry=0 isResponse=False serializedFields=[]
2021-03-19 12:43:55,884 [SerialConnector:DEBUG] ---------- pcToMote DATA (2) ---------->
2021-03-19 12:43:55,884 [Crc:DEBUG] calculating for data=02-3f-02-00
2021-03-19 12:43:55,884 [Crc:DEBUG] fcs=0x713a
2021-03-19 12:43:55,884 [Hdlc:DEBUG] 
packetToSend:
 - payload: 02 3f 02 00
 - fcs:     71 3a
 - valid:   True
2021-03-19 12:43:55,890 [Crc:DEBUG] calculating for data=03-3f-02-16-00-04-cd-08-01-00-65-23-28-01-02-00-7f-ff-01-00-00-01-00-01-2c-ff
2021-03-19 12:43:55,891 [Crc:DEBUG] fcs=0x 5ee
2021-03-19 12:43:55,891 [Hdlc:DEBUG] 
receivedFrame:
 - payload: 03 3f 02 16 00 04 cd 08 01 00 65 23 28 01 02 00 7f ff 01 00 00 01 00 01 2c ff
 - fcs:     05 ee
 - valid:   True
2021-03-19 12:43:55,891 [SerialConnector:DEBUG] cmdId=63 length=22 isResponse=True packetId=2 payload=[0, 4, 205, 8, 1, 0, 101, 35, 40, 1, 2, 0, 127, 255, 1, 0, 0, 1, 0, 1, 44, 255]
2021-03-19 12:43:55,891 [SerialConnector:DEBUG] <--------- pcToMote ACK (2) after 0.006 --------
2021-03-19 12:43:55,891 [SerialConnector:DEBUG] no ack needed
2021-03-19 12:43:55,891 [ByteArraySerializer:DEBUG] deserialize ...
- type:             command
- id:               63
- byteArray:        00-04-cd-08-01-00-65-23-28-01-02-00-7f-ff-01-00-00-01-00-01-2c-ff
2021-03-19 12:43:55,891 [ByteArraySerializer:DEBUG] ... deserialized into
- nameArray:        ['getNetworkConfig']
- returnFields:     {'networkId': 1229, 'apTxPower': 8, 'ccaMode': 0, 'locMode': 0, 'numParents': 2, 'channelList': 32767, 'baseBandwidth': 9000, 'maxMotes': 101, 'bbSize': 1, 'bbMode': 0, 'oneChannel': 255, 'isRadioTest': 0, 'downFrameMultVal': 1, 'RC': 0, 'bwMult': 300, 'frameProfile': 1, 'autoStartNetwork': True}
2021-03-19 12:47:42,776 [Hdlc:INFO] disconnect
2021-03-19 12:47:42,778 [SerialConnector:INFO] hdlc notification: connection state=False
